[0.127s] Invoking command in '/home/arfan/belajar-ros2/testworkspace/build/learn1': CMAKE_PREFIX_PATH=${CMAKE_PREFIX_PATH}:/opt/ros/foxy /usr/bin/cmake --build /home/arfan/belajar-ros2/testworkspace/build/learn1 -- -j2 -l2
[0.310s] -- Found ament_cmake: 0.9.11 (/opt/ros/foxy/share/ament_cmake/cmake)
[0.456s] -- Using PYTHON_EXECUTABLE: /usr/bin/python3
[1.920s] -- Found rclcpp: 2.4.2 (/opt/ros/foxy/share/rclcpp/cmake)
[2.121s] -- Using all available rosidl_typesupport_c: rosidl_typesupport_fastrtps_c;rosidl_typesupport_introspection_c
[2.144s] -- Found rosidl_adapter: 1.3.0 (/opt/ros/foxy/share/rosidl_adapter/cmake)
[2.844s] -- Using all available rosidl_typesupport_cpp: rosidl_typesupport_fastrtps_cpp;rosidl_typesupport_introspection_cpp
[3.244s] -- Found rmw_implementation_cmake: 1.0.3 (/opt/ros/foxy/share/rmw_implementation_cmake/cmake)
[3.250s] -- Using RMW implementation 'rmw_fastrtps_cpp' as default
[4.363s] -- Found tf2: 0.13.13 (/opt/ros/foxy/share/tf2/cmake)
[4.707s] -- Found tf2_ros: 0.13.13 (/opt/ros/foxy/share/tf2_ros/cmake)
[6.973s] -- Found ament_lint_auto: 0.9.7 (/opt/ros/foxy/share/ament_lint_auto/cmake)
[7.400s] -- Added test 'copyright' to check source files copyright and LICENSE
[7.407s] -- Added test 'cppcheck' to perform static code analysis on C / C++ code
[7.408s] -- Configured cppcheck include dirs: $<BUILD_INTERFACE:/home/arfan/belajar-ros2/testworkspace/src/learn1/include>
[7.408s] -- Configured cppcheck exclude dirs and/or files: 
[7.412s] -- Added test 'cpplint' to check C / C++ code against the Google style
[7.414s] -- Configured cpplint exclude dirs and/or files: 
[7.417s] -- Added test 'lint_cmake' to check CMake code style
[7.434s] -- Added test 'uncrustify' to check C / C++ code style
[7.436s] -- Configured uncrustify additional arguments: 
[7.456s] -- Added test 'xmllint' to check XML markup files
[7.459s] -- Configuring done
[7.507s] -- Generating done
[7.519s] -- Build files have been written to: /home/arfan/belajar-ros2/testworkspace/build/learn1
[7.673s] [35m[1mScanning dependencies of target main[0m
[7.876s] [ 50%] [32mBuilding CXX object CMakeFiles/main.dir/src/main.cpp.o[0m
[28.321s] [100%] [32m[1mLinking CXX executable main[0m
[29.961s] [100%] Built target main
[30.023s] Invoked command in '/home/arfan/belajar-ros2/testworkspace/build/learn1' returned '0': CMAKE_PREFIX_PATH=${CMAKE_PREFIX_PATH}:/opt/ros/foxy /usr/bin/cmake --build /home/arfan/belajar-ros2/testworkspace/build/learn1 -- -j2 -l2
[30.237s] Invoking command in '/home/arfan/belajar-ros2/testworkspace/build/learn1': CMAKE_PREFIX_PATH=${CMAKE_PREFIX_PATH}:/opt/ros/foxy /usr/bin/cmake --install /home/arfan/belajar-ros2/testworkspace/build/learn1
[30.280s] -- Install configuration: ""
[30.284s] -- Installing: /home/arfan/belajar-ros2/testworkspace/install/learn1/lib/learn1/main
[30.289s] -- Set runtime path of "/home/arfan/belajar-ros2/testworkspace/install/learn1/lib/learn1/main" to ""
[30.292s] -- Installing: /home/arfan/belajar-ros2/testworkspace/install/learn1/share/ament_index/resource_index/package_run_dependencies/learn1
[30.294s] -- Up-to-date: /home/arfan/belajar-ros2/testworkspace/install/learn1/share/ament_index/resource_index/parent_prefix_path/learn1
[30.297s] -- Up-to-date: /home/arfan/belajar-ros2/testworkspace/install/learn1/share/learn1/environment/ament_prefix_path.sh
[30.299s] -- Installing: /home/arfan/belajar-ros2/testworkspace/install/learn1/share/learn1/environment/ament_prefix_path.dsv
[30.301s] -- Up-to-date: /home/arfan/belajar-ros2/testworkspace/install/learn1/share/learn1/environment/path.sh
[30.304s] -- Installing: /home/arfan/belajar-ros2/testworkspace/install/learn1/share/learn1/environment/path.dsv
[30.305s] -- Up-to-date: /home/arfan/belajar-ros2/testworkspace/install/learn1/share/learn1/local_setup.bash
[30.312s] -- Up-to-date: /home/arfan/belajar-ros2/testworkspace/install/learn1/share/learn1/local_setup.sh
[30.322s] -- Up-to-date: /home/arfan/belajar-ros2/testworkspace/install/learn1/share/learn1/local_setup.zsh
[30.325s] -- Installing: /home/arfan/belajar-ros2/testworkspace/install/learn1/share/learn1/local_setup.dsv
[30.328s] -- Installing: /home/arfan/belajar-ros2/testworkspace/install/learn1/share/learn1/package.dsv
[30.331s] -- Up-to-date: /home/arfan/belajar-ros2/testworkspace/install/learn1/share/ament_index/resource_index/packages/learn1
[30.332s] -- Up-to-date: /home/arfan/belajar-ros2/testworkspace/install/learn1/share/learn1/cmake/learn1Config.cmake
[30.334s] -- Up-to-date: /home/arfan/belajar-ros2/testworkspace/install/learn1/share/learn1/cmake/learn1Config-version.cmake
[30.337s] -- Installing: /home/arfan/belajar-ros2/testworkspace/install/learn1/share/learn1/package.xml
[30.340s] Invoked command in '/home/arfan/belajar-ros2/testworkspace/build/learn1' returned '0': CMAKE_PREFIX_PATH=${CMAKE_PREFIX_PATH}:/opt/ros/foxy /usr/bin/cmake --install /home/arfan/belajar-ros2/testworkspace/build/learn1
