[0.439s] Invoking command in '/home/arfan/belajar-ros2/testworkspace/build/myrvis': CMAKE_PREFIX_PATH=${CMAKE_PREFIX_PATH}:/opt/ros/foxy /usr/bin/cmake --build /home/arfan/belajar-ros2/testworkspace/build/myrvis -- -j2 -l2
[2.711s] [100%] Built target myrvis
[3.171s] Invoked command in '/home/arfan/belajar-ros2/testworkspace/build/myrvis' returned '0': CMAKE_PREFIX_PATH=${CMAKE_PREFIX_PATH}:/opt/ros/foxy /usr/bin/cmake --build /home/arfan/belajar-ros2/testworkspace/build/myrvis -- -j2 -l2
[4.122s] Invoking command in '/home/arfan/belajar-ros2/testworkspace/build/myrvis': CMAKE_PREFIX_PATH=${CMAKE_PREFIX_PATH}:/opt/ros/foxy /usr/bin/cmake --install /home/arfan/belajar-ros2/testworkspace/build/myrvis
[4.286s] -- Install configuration: ""
[4.288s] -- Up-to-date: /home/arfan/belajar-ros2/testworkspace/install/myrvis/lib/myrvis/myrvis
[4.298s] -- Up-to-date: /home/arfan/belajar-ros2/testworkspace/install/myrvis/share/ament_index/resource_index/package_run_dependencies/myrvis
[4.306s] -- Up-to-date: /home/arfan/belajar-ros2/testworkspace/install/myrvis/share/ament_index/resource_index/parent_prefix_path/myrvis
[4.308s] -- Up-to-date: /home/arfan/belajar-ros2/testworkspace/install/myrvis/share/myrvis/environment/ament_prefix_path.sh
[4.341s] -- Up-to-date: /home/arfan/belajar-ros2/testworkspace/install/myrvis/share/myrvis/environment/ament_prefix_path.dsv
[4.345s] -- Up-to-date: /home/arfan/belajar-ros2/testworkspace/install/myrvis/share/myrvis/environment/path.sh
[4.347s] -- Up-to-date: /home/arfan/belajar-ros2/testworkspace/install/myrvis/share/myrvis/environment/path.dsv
[4.381s] -- Up-to-date: /home/arfan/belajar-ros2/testworkspace/install/myrvis/share/myrvis/local_setup.bash
[4.382s] -- Up-to-date: /home/arfan/belajar-ros2/testworkspace/install/myrvis/share/myrvis/local_setup.sh
[4.397s] -- Up-to-date: /home/arfan/belajar-ros2/testworkspace/install/myrvis/share/myrvis/local_setup.zsh
[4.421s] -- Up-to-date: /home/arfan/belajar-ros2/testworkspace/install/myrvis/share/myrvis/local_setup.dsv
[4.422s] -- Installing: /home/arfan/belajar-ros2/testworkspace/install/myrvis/share/myrvis/package.dsv
[4.423s] -- Up-to-date: /home/arfan/belajar-ros2/testworkspace/install/myrvis/share/ament_index/resource_index/packages/myrvis
[4.427s] -- Up-to-date: /home/arfan/belajar-ros2/testworkspace/install/myrvis/share/myrvis/cmake/myrvisConfig.cmake
[4.461s] -- Up-to-date: /home/arfan/belajar-ros2/testworkspace/install/myrvis/share/myrvis/cmake/myrvisConfig-version.cmake
[4.477s] -- Up-to-date: /home/arfan/belajar-ros2/testworkspace/install/myrvis/share/myrvis/package.xml
[4.480s] Invoked command in '/home/arfan/belajar-ros2/testworkspace/build/myrvis' returned '0': CMAKE_PREFIX_PATH=${CMAKE_PREFIX_PATH}:/opt/ros/foxy /usr/bin/cmake --install /home/arfan/belajar-ros2/testworkspace/build/myrvis
