[0.148s] Invoking command in '/home/arfan/belajar-ros2/testworkspace/build/learn1': CMAKE_PREFIX_PATH=${CMAKE_PREFIX_PATH}:/opt/ros/foxy /usr/bin/cmake --build /home/arfan/belajar-ros2/testworkspace/build/learn1 -- -j2 -l2
[0.448s] [35m[1mScanning dependencies of target main[0m
[0.789s] [ 50%] [32mBuilding CXX object CMakeFiles/main.dir/src/main.cpp.o[0m
[17.333s] [100%] [32m[1mLinking CXX executable main[0m
[18.910s] [100%] Built target main
[18.975s] Invoked command in '/home/arfan/belajar-ros2/testworkspace/build/learn1' returned '0': CMAKE_PREFIX_PATH=${CMAKE_PREFIX_PATH}:/opt/ros/foxy /usr/bin/cmake --build /home/arfan/belajar-ros2/testworkspace/build/learn1 -- -j2 -l2
[19.345s] Invoking command in '/home/arfan/belajar-ros2/testworkspace/build/learn1': CMAKE_PREFIX_PATH=${CMAKE_PREFIX_PATH}:/opt/ros/foxy /usr/bin/cmake --install /home/arfan/belajar-ros2/testworkspace/build/learn1
[19.397s] -- Install configuration: ""
[19.398s] -- Installing: /home/arfan/belajar-ros2/testworkspace/install/learn1/lib/learn1/main
[19.405s] -- Set runtime path of "/home/arfan/belajar-ros2/testworkspace/install/learn1/lib/learn1/main" to ""
[19.407s] -- Up-to-date: /home/arfan/belajar-ros2/testworkspace/install/learn1/share/ament_index/resource_index/package_run_dependencies/learn1
[19.409s] -- Up-to-date: /home/arfan/belajar-ros2/testworkspace/install/learn1/share/ament_index/resource_index/parent_prefix_path/learn1
[19.412s] -- Up-to-date: /home/arfan/belajar-ros2/testworkspace/install/learn1/share/learn1/environment/ament_prefix_path.sh
[19.414s] -- Up-to-date: /home/arfan/belajar-ros2/testworkspace/install/learn1/share/learn1/environment/ament_prefix_path.dsv
[19.429s] -- Up-to-date: /home/arfan/belajar-ros2/testworkspace/install/learn1/share/learn1/environment/path.sh
[19.431s] -- Up-to-date: /home/arfan/belajar-ros2/testworkspace/install/learn1/share/learn1/environment/path.dsv
[19.435s] -- Up-to-date: /home/arfan/belajar-ros2/testworkspace/install/learn1/share/learn1/local_setup.bash
[19.442s] -- Up-to-date: /home/arfan/belajar-ros2/testworkspace/install/learn1/share/learn1/local_setup.sh
[19.445s] -- Up-to-date: /home/arfan/belajar-ros2/testworkspace/install/learn1/share/learn1/local_setup.zsh
[19.447s] -- Up-to-date: /home/arfan/belajar-ros2/testworkspace/install/learn1/share/learn1/local_setup.dsv
[19.448s] -- Installing: /home/arfan/belajar-ros2/testworkspace/install/learn1/share/learn1/package.dsv
[19.450s] -- Up-to-date: /home/arfan/belajar-ros2/testworkspace/install/learn1/share/ament_index/resource_index/packages/learn1
[19.452s] -- Up-to-date: /home/arfan/belajar-ros2/testworkspace/install/learn1/share/learn1/cmake/learn1Config.cmake
[19.454s] -- Up-to-date: /home/arfan/belajar-ros2/testworkspace/install/learn1/share/learn1/cmake/learn1Config-version.cmake
[19.468s] -- Up-to-date: /home/arfan/belajar-ros2/testworkspace/install/learn1/share/learn1/package.xml
[19.470s] Invoked command in '/home/arfan/belajar-ros2/testworkspace/build/learn1' returned '0': CMAKE_PREFIX_PATH=${CMAKE_PREFIX_PATH}:/opt/ros/foxy /usr/bin/cmake --install /home/arfan/belajar-ros2/testworkspace/build/learn1
