[1.197s] DEBUG:colcon:Command line arguments: ['/usr/bin/colcon', 'build']
[1.198s] DEBUG:colcon:Parsed command line arguments: Namespace(allow_overriding=[], ament_cmake_args=None, base_paths=['.'], build_base='build', catkin_cmake_args=None, catkin_skip_building_tests=False, cmake_args=None, cmake_clean_cache=False, cmake_clean_first=False, cmake_force_configure=False, cmake_target=None, cmake_target_skip_unavailable=False, continue_on_error=False, event_handlers=None, executor='parallel', ignore_user_meta=False, install_base='install', log_base=None, log_level=None, main=<bound method BuildVerb.main of <colcon_core.verb.build.BuildVerb object at 0x7fd5bdbae1f0>>, merge_install=False, metas=['./colcon.meta'], packages_above=None, packages_above_and_dependencies=None, packages_above_depth=None, packages_end=None, packages_ignore=None, packages_ignore_regex=None, packages_select=None, packages_select_build_failed=False, packages_select_by_dep=None, packages_select_regex=None, packages_select_test_failures=False, packages_skip=None, packages_skip_build_finished=False, packages_skip_by_dep=None, packages_skip_regex=None, packages_skip_test_passed=False, packages_skip_up_to=None, packages_start=None, packages_up_to=None, packages_up_to_regex=None, parallel_workers=2, paths=None, symlink_install=False, test_result_base=None, verb_extension=<colcon_core.verb.build.BuildVerb object at 0x7fd5bdbae1f0>, verb_name='build', verb_parser=<colcon_defaults.argument_parser.defaults.DefaultArgumentsDecorator object at 0x7fd5bdbae730>)
[1.382s] Level 1:colcon.colcon_core.package_discovery:discover_packages(colcon_meta) check parameters
[1.383s] Level 1:colcon.colcon_core.package_discovery:discover_packages(recursive) check parameters
[1.383s] Level 1:colcon.colcon_core.package_discovery:discover_packages(ignore) check parameters
[1.384s] Level 1:colcon.colcon_core.package_discovery:discover_packages(path) check parameters
[1.384s] Level 1:colcon.colcon_core.package_discovery:discover_packages(colcon_meta) discover
[1.385s] Level 1:colcon.colcon_core.package_discovery:discover_packages(recursive) discover
[1.385s] INFO:colcon.colcon_core.package_discovery:Crawling recursively for packages in '/home/arfan/belajar-ros2/testworkspace'
[1.386s] Level 1:colcon.colcon_core.package_identification:_identify(.) by extensions ['ignore', 'ignore_ament_install']
[1.387s] Level 1:colcon.colcon_core.package_identification:_identify(.) by extension 'ignore'
[1.388s] Level 1:colcon.colcon_core.package_identification:_identify(.) by extension 'ignore_ament_install'
[1.388s] Level 1:colcon.colcon_core.package_identification:_identify(.) by extensions ['colcon_pkg']
[1.389s] Level 1:colcon.colcon_core.package_identification:_identify(.) by extension 'colcon_pkg'
[1.389s] Level 1:colcon.colcon_core.package_identification:_identify(.) by extensions ['colcon_meta']
[1.389s] Level 1:colcon.colcon_core.package_identification:_identify(.) by extension 'colcon_meta'
[1.390s] Level 1:colcon.colcon_core.package_identification:_identify(.) by extensions ['ros']
[1.390s] Level 1:colcon.colcon_core.package_identification:_identify(.) by extension 'ros'
[1.474s] Level 1:colcon.colcon_core.package_identification:_identify(.) by extensions ['cmake', 'python']
[1.475s] Level 1:colcon.colcon_core.package_identification:_identify(.) by extension 'cmake'
[1.475s] Level 1:colcon.colcon_core.package_identification:_identify(.) by extension 'python'
[1.476s] Level 1:colcon.colcon_core.package_identification:_identify(.) by extensions ['python_setup_py']
[1.476s] Level 1:colcon.colcon_core.package_identification:_identify(.) by extension 'python_setup_py'
[1.477s] Level 1:colcon.colcon_core.package_identification:_identify(build) by extensions ['ignore', 'ignore_ament_install']
[1.478s] Level 1:colcon.colcon_core.package_identification:_identify(build) by extension 'ignore'
[1.478s] Level 1:colcon.colcon_core.package_identification:_identify(build) ignored
[1.479s] Level 1:colcon.colcon_core.package_identification:_identify(install) by extensions ['ignore', 'ignore_ament_install']
[1.480s] Level 1:colcon.colcon_core.package_identification:_identify(install) by extension 'ignore'
[1.481s] Level 1:colcon.colcon_core.package_identification:_identify(install) ignored
[1.482s] Level 1:colcon.colcon_core.package_identification:_identify(log) by extensions ['ignore', 'ignore_ament_install']
[1.483s] Level 1:colcon.colcon_core.package_identification:_identify(log) by extension 'ignore'
[1.483s] Level 1:colcon.colcon_core.package_identification:_identify(log) ignored
[1.484s] Level 1:colcon.colcon_core.package_identification:_identify(src) by extensions ['ignore', 'ignore_ament_install']
[1.485s] Level 1:colcon.colcon_core.package_identification:_identify(src) by extension 'ignore'
[1.485s] Level 1:colcon.colcon_core.package_identification:_identify(src) by extension 'ignore_ament_install'
[1.486s] Level 1:colcon.colcon_core.package_identification:_identify(src) by extensions ['colcon_pkg']
[1.486s] Level 1:colcon.colcon_core.package_identification:_identify(src) by extension 'colcon_pkg'
[1.486s] Level 1:colcon.colcon_core.package_identification:_identify(src) by extensions ['colcon_meta']
[1.487s] Level 1:colcon.colcon_core.package_identification:_identify(src) by extension 'colcon_meta'
[1.487s] Level 1:colcon.colcon_core.package_identification:_identify(src) by extensions ['ros']
[1.487s] Level 1:colcon.colcon_core.package_identification:_identify(src) by extension 'ros'
[1.488s] Level 1:colcon.colcon_core.package_identification:_identify(src) by extensions ['cmake', 'python']
[1.488s] Level 1:colcon.colcon_core.package_identification:_identify(src) by extension 'cmake'
[1.489s] Level 1:colcon.colcon_core.package_identification:_identify(src) by extension 'python'
[1.489s] Level 1:colcon.colcon_core.package_identification:_identify(src) by extensions ['python_setup_py']
[1.490s] Level 1:colcon.colcon_core.package_identification:_identify(src) by extension 'python_setup_py'
[1.490s] Level 1:colcon.colcon_core.package_identification:_identify(src/learn1) by extensions ['ignore', 'ignore_ament_install']
[1.491s] Level 1:colcon.colcon_core.package_identification:_identify(src/learn1) by extension 'ignore'
[1.492s] Level 1:colcon.colcon_core.package_identification:_identify(src/learn1) by extension 'ignore_ament_install'
[1.492s] Level 1:colcon.colcon_core.package_identification:_identify(src/learn1) by extensions ['colcon_pkg']
[1.493s] Level 1:colcon.colcon_core.package_identification:_identify(src/learn1) by extension 'colcon_pkg'
[1.493s] Level 1:colcon.colcon_core.package_identification:_identify(src/learn1) by extensions ['colcon_meta']
[1.493s] Level 1:colcon.colcon_core.package_identification:_identify(src/learn1) by extension 'colcon_meta'
[1.494s] Level 1:colcon.colcon_core.package_identification:_identify(src/learn1) by extensions ['ros']
[1.494s] Level 1:colcon.colcon_core.package_identification:_identify(src/learn1) by extension 'ros'
[1.511s] DEBUG:colcon.colcon_core.package_identification:Package 'src/learn1' with type 'ros.ament_cmake' and name 'learn1'
[1.511s] Level 1:colcon.colcon_core.package_discovery:discover_packages(recursive) using defaults
[1.512s] Level 1:colcon.colcon_core.package_discovery:discover_packages(ignore) discover
[1.512s] Level 1:colcon.colcon_core.package_discovery:discover_packages(ignore) using defaults
[1.512s] Level 1:colcon.colcon_core.package_discovery:discover_packages(path) discover
[1.513s] Level 1:colcon.colcon_core.package_discovery:discover_packages(path) using defaults
[1.738s] Level 1:colcon.colcon_core.package_discovery:discover_packages(prefix_path) check parameters
[1.738s] Level 1:colcon.colcon_core.package_discovery:discover_packages(prefix_path) discover
[1.763s] DEBUG:colcon.colcon_installed_package_information.package_discovery:Found 1 installed packages in /home/arfan/belajar-ros2/testworkspace/install
[1.778s] DEBUG:colcon.colcon_installed_package_information.package_discovery:Found 257 installed packages in /opt/ros/foxy
[1.792s] Level 1:colcon.colcon_core.package_discovery:discover_packages(prefix_path) using defaults
[3.758s] Level 5:colcon.colcon_core.verb:set package 'learn1' build argument 'cmake_args' from command line to 'None'
[3.764s] Level 5:colcon.colcon_core.verb:set package 'learn1' build argument 'cmake_target' from command line to 'None'
[3.766s] Level 5:colcon.colcon_core.verb:set package 'learn1' build argument 'cmake_target_skip_unavailable' from command line to 'False'
[3.769s] Level 5:colcon.colcon_core.verb:set package 'learn1' build argument 'cmake_clean_cache' from command line to 'False'
[3.769s] Level 5:colcon.colcon_core.verb:set package 'learn1' build argument 'cmake_clean_first' from command line to 'False'
[3.770s] Level 5:colcon.colcon_core.verb:set package 'learn1' build argument 'cmake_force_configure' from command line to 'False'
[3.773s] Level 5:colcon.colcon_core.verb:set package 'learn1' build argument 'ament_cmake_args' from command line to 'None'
[3.773s] Level 5:colcon.colcon_core.verb:set package 'learn1' build argument 'catkin_cmake_args' from command line to 'None'
[3.774s] Level 5:colcon.colcon_core.verb:set package 'learn1' build argument 'catkin_skip_building_tests' from command line to 'False'
[3.774s] DEBUG:colcon.colcon_core.verb:Building package 'learn1' with the following arguments: {'ament_cmake_args': None, 'build_base': '/home/arfan/belajar-ros2/testworkspace/build/learn1', 'catkin_cmake_args': None, 'catkin_skip_building_tests': False, 'cmake_args': None, 'cmake_clean_cache': False, 'cmake_clean_first': False, 'cmake_force_configure': False, 'cmake_target': None, 'cmake_target_skip_unavailable': False, 'install_base': '/home/arfan/belajar-ros2/testworkspace/install/learn1', 'merge_install': False, 'path': '/home/arfan/belajar-ros2/testworkspace/src/learn1', 'symlink_install': False, 'test_result_base': None}
[3.818s] INFO:colcon.colcon_core.executor:Executing jobs using 'parallel' executor
[4.031s] DEBUG:colcon.colcon_parallel_executor.executor.parallel:run_until_complete
[4.040s] INFO:colcon.colcon_ros.task.ament_cmake.build:Building ROS package in '/home/arfan/belajar-ros2/testworkspace/src/learn1' with build type 'ament_cmake'
[4.045s] INFO:colcon.colcon_cmake.task.cmake.build:Building CMake package in '/home/arfan/belajar-ros2/testworkspace/src/learn1'
[4.117s] INFO:colcon.colcon_core.plugin_system:Skipping extension 'colcon_core.shell.bat': Not used on non-Windows systems
[4.118s] INFO:colcon.colcon_core.shell:Skip shell extension 'powershell' for command environment: Not usable outside of PowerShell
[4.119s] DEBUG:colcon.colcon_core.shell:Skip shell extension 'dsv' for command environment
[4.212s] DEBUG:colcon.colcon_core.event_handler.log_command:Invoking command in '/home/arfan/belajar-ros2/testworkspace/build/learn1': CMAKE_PREFIX_PATH=${CMAKE_PREFIX_PATH}:/opt/ros/foxy /usr/bin/cmake --build /home/arfan/belajar-ros2/testworkspace/build/learn1 -- -j2 -l2
[34.821s] DEBUG:colcon.colcon_core.event_handler.log_command:Invoked command in '/home/arfan/belajar-ros2/testworkspace/build/learn1' returned '0': CMAKE_PREFIX_PATH=${CMAKE_PREFIX_PATH}:/opt/ros/foxy /usr/bin/cmake --build /home/arfan/belajar-ros2/testworkspace/build/learn1 -- -j2 -l2
[35.030s] DEBUG:colcon.colcon_core.event_handler.log_command:Invoking command in '/home/arfan/belajar-ros2/testworkspace/build/learn1': CMAKE_PREFIX_PATH=${CMAKE_PREFIX_PATH}:/opt/ros/foxy /usr/bin/cmake --install /home/arfan/belajar-ros2/testworkspace/build/learn1
[35.109s] Level 1:colcon.colcon_core.environment:create_environment_scripts_only(learn1)
[35.125s] DEBUG:colcon.colcon_core.event_handler.log_command:Invoked command in '/home/arfan/belajar-ros2/testworkspace/build/learn1' returned '0': CMAKE_PREFIX_PATH=${CMAKE_PREFIX_PATH}:/opt/ros/foxy /usr/bin/cmake --install /home/arfan/belajar-ros2/testworkspace/build/learn1
[35.158s] Level 1:colcon.colcon_core.environment:checking '/home/arfan/belajar-ros2/testworkspace/install/learn1' for CMake module files
[35.169s] Level 1:colcon.colcon_core.environment:checking '/home/arfan/belajar-ros2/testworkspace/install/learn1' for CMake config files
[35.171s] Level 1:colcon.colcon_core.shell:create_environment_hook('learn1', 'cmake_prefix_path')
[35.186s] INFO:colcon.colcon_core.shell:Creating environment hook '/home/arfan/belajar-ros2/testworkspace/install/learn1/share/learn1/hook/cmake_prefix_path.ps1'
[35.192s] INFO:colcon.colcon_core.shell:Creating environment descriptor '/home/arfan/belajar-ros2/testworkspace/install/learn1/share/learn1/hook/cmake_prefix_path.dsv'
[35.195s] INFO:colcon.colcon_core.shell:Creating environment hook '/home/arfan/belajar-ros2/testworkspace/install/learn1/share/learn1/hook/cmake_prefix_path.sh'
[35.202s] Level 1:colcon.colcon_core.environment:checking '/home/arfan/belajar-ros2/testworkspace/install/learn1/lib'
[35.203s] Level 1:colcon.colcon_core.environment:checking '/home/arfan/belajar-ros2/testworkspace/install/learn1/bin'
[35.204s] Level 1:colcon.colcon_core.environment:checking '/home/arfan/belajar-ros2/testworkspace/install/learn1/lib/pkgconfig/learn1.pc'
[35.206s] Level 1:colcon.colcon_core.environment:checking '/home/arfan/belajar-ros2/testworkspace/install/learn1/lib/python3.8/site-packages'
[35.214s] Level 1:colcon.colcon_core.environment:checking '/home/arfan/belajar-ros2/testworkspace/install/learn1/bin'
[35.228s] INFO:colcon.colcon_core.shell:Creating package script '/home/arfan/belajar-ros2/testworkspace/install/learn1/share/learn1/package.ps1'
[35.235s] INFO:colcon.colcon_core.shell:Creating package descriptor '/home/arfan/belajar-ros2/testworkspace/install/learn1/share/learn1/package.dsv'
[35.240s] INFO:colcon.colcon_core.shell:Creating package script '/home/arfan/belajar-ros2/testworkspace/install/learn1/share/learn1/package.sh'
[35.246s] INFO:colcon.colcon_core.shell:Creating package script '/home/arfan/belajar-ros2/testworkspace/install/learn1/share/learn1/package.bash'
[35.253s] INFO:colcon.colcon_core.shell:Creating package script '/home/arfan/belajar-ros2/testworkspace/install/learn1/share/learn1/package.zsh'
[35.258s] Level 1:colcon.colcon_core.environment:create_file_with_runtime_dependencies(/home/arfan/belajar-ros2/testworkspace/install/learn1/share/colcon-core/packages/learn1)
[35.468s] Level 1:colcon.colcon_core.environment:create_environment_scripts_only(learn1)
[35.485s] Level 1:colcon.colcon_core.environment:checking '/home/arfan/belajar-ros2/testworkspace/install/learn1' for CMake module files
[35.489s] Level 1:colcon.colcon_core.environment:checking '/home/arfan/belajar-ros2/testworkspace/install/learn1' for CMake config files
[35.490s] Level 1:colcon.colcon_core.shell:create_environment_hook('learn1', 'cmake_prefix_path')
[35.502s] INFO:colcon.colcon_core.shell:Creating environment hook '/home/arfan/belajar-ros2/testworkspace/install/learn1/share/learn1/hook/cmake_prefix_path.ps1'
[35.506s] INFO:colcon.colcon_core.shell:Creating environment descriptor '/home/arfan/belajar-ros2/testworkspace/install/learn1/share/learn1/hook/cmake_prefix_path.dsv'
[35.509s] INFO:colcon.colcon_core.shell:Creating environment hook '/home/arfan/belajar-ros2/testworkspace/install/learn1/share/learn1/hook/cmake_prefix_path.sh'
[35.513s] Level 1:colcon.colcon_core.environment:checking '/home/arfan/belajar-ros2/testworkspace/install/learn1/lib'
[35.514s] Level 1:colcon.colcon_core.environment:checking '/home/arfan/belajar-ros2/testworkspace/install/learn1/bin'
[35.514s] Level 1:colcon.colcon_core.environment:checking '/home/arfan/belajar-ros2/testworkspace/install/learn1/lib/pkgconfig/learn1.pc'
[35.516s] Level 1:colcon.colcon_core.environment:checking '/home/arfan/belajar-ros2/testworkspace/install/learn1/lib/python3.8/site-packages'
[35.517s] Level 1:colcon.colcon_core.environment:checking '/home/arfan/belajar-ros2/testworkspace/install/learn1/bin'
[35.529s] INFO:colcon.colcon_core.shell:Creating package script '/home/arfan/belajar-ros2/testworkspace/install/learn1/share/learn1/package.ps1'
[35.533s] INFO:colcon.colcon_core.shell:Creating package descriptor '/home/arfan/belajar-ros2/testworkspace/install/learn1/share/learn1/package.dsv'
[35.536s] INFO:colcon.colcon_core.shell:Creating package script '/home/arfan/belajar-ros2/testworkspace/install/learn1/share/learn1/package.sh'
[35.541s] INFO:colcon.colcon_core.shell:Creating package script '/home/arfan/belajar-ros2/testworkspace/install/learn1/share/learn1/package.bash'
[35.545s] INFO:colcon.colcon_core.shell:Creating package script '/home/arfan/belajar-ros2/testworkspace/install/learn1/share/learn1/package.zsh'
[35.548s] Level 1:colcon.colcon_core.environment:create_file_with_runtime_dependencies(/home/arfan/belajar-ros2/testworkspace/install/learn1/share/colcon-core/packages/learn1)
[35.550s] DEBUG:colcon.colcon_parallel_executor.executor.parallel:closing loop
[35.554s] DEBUG:colcon.colcon_parallel_executor.executor.parallel:loop closed
[35.555s] DEBUG:colcon.colcon_parallel_executor.executor.parallel:run_until_complete finished with '0'
[35.557s] DEBUG:colcon.colcon_core.event_reactor:joining thread
[35.602s] INFO:colcon.colcon_core.plugin_system:Skipping extension 'colcon_notification.desktop_notification.terminal_notifier': Not used on non-Darwin systems
[35.604s] INFO:colcon.colcon_core.plugin_system:Skipping extension 'colcon_notification.desktop_notification.win32': Not used on non-Windows systems
[35.604s] INFO:colcon.colcon_notification.desktop_notification:Sending desktop notification using 'notify2'
[35.739s] DEBUG:colcon.colcon_core.event_reactor:joined thread
[35.751s] INFO:colcon.colcon_core.shell:Creating prefix script '/home/arfan/belajar-ros2/testworkspace/install/local_setup.ps1'
[35.757s] INFO:colcon.colcon_core.shell:Creating prefix util module '/home/arfan/belajar-ros2/testworkspace/install/_local_setup_util_ps1.py'
[35.768s] INFO:colcon.colcon_core.shell:Creating prefix chain script '/home/arfan/belajar-ros2/testworkspace/install/setup.ps1'
[35.779s] INFO:colcon.colcon_core.shell:Creating prefix script '/home/arfan/belajar-ros2/testworkspace/install/local_setup.sh'
[35.783s] INFO:colcon.colcon_core.shell:Creating prefix util module '/home/arfan/belajar-ros2/testworkspace/install/_local_setup_util_sh.py'
[35.787s] INFO:colcon.colcon_core.shell:Creating prefix chain script '/home/arfan/belajar-ros2/testworkspace/install/setup.sh'
[35.797s] INFO:colcon.colcon_core.shell:Creating prefix script '/home/arfan/belajar-ros2/testworkspace/install/local_setup.bash'
[35.801s] INFO:colcon.colcon_core.shell:Creating prefix chain script '/home/arfan/belajar-ros2/testworkspace/install/setup.bash'
[35.810s] INFO:colcon.colcon_core.shell:Creating prefix script '/home/arfan/belajar-ros2/testworkspace/install/local_setup.zsh'
[35.814s] INFO:colcon.colcon_core.shell:Creating prefix chain script '/home/arfan/belajar-ros2/testworkspace/install/setup.zsh'
