[1.189s] DEBUG:colcon:Command line arguments: ['/usr/bin/colcon', 'build']
[1.189s] DEBUG:colcon:Parsed command line arguments: Namespace(allow_overriding=[], ament_cmake_args=None, base_paths=['.'], build_base='build', catkin_cmake_args=None, catkin_skip_building_tests=False, cmake_args=None, cmake_clean_cache=False, cmake_clean_first=False, cmake_force_configure=False, cmake_target=None, cmake_target_skip_unavailable=False, continue_on_error=False, event_handlers=None, executor='parallel', ignore_user_meta=False, install_base='install', log_base=None, log_level=None, main=<bound method BuildVerb.main of <colcon_core.verb.build.BuildVerb object at 0x7f80f0cc5100>>, merge_install=False, metas=['./colcon.meta'], packages_above=None, packages_above_and_dependencies=None, packages_above_depth=None, packages_end=None, packages_ignore=None, packages_ignore_regex=None, packages_select=None, packages_select_build_failed=False, packages_select_by_dep=None, packages_select_regex=None, packages_select_test_failures=False, packages_skip=None, packages_skip_build_finished=False, packages_skip_by_dep=None, packages_skip_regex=None, packages_skip_test_passed=False, packages_skip_up_to=None, packages_start=None, packages_up_to=None, packages_up_to_regex=None, parallel_workers=2, paths=None, symlink_install=False, test_result_base=None, verb_extension=<colcon_core.verb.build.BuildVerb object at 0x7f80f0cc5100>, verb_name='build', verb_parser=<colcon_defaults.argument_parser.defaults.DefaultArgumentsDecorator object at 0x7f80f0cc5640>)
[1.419s] Level 1:colcon.colcon_core.package_discovery:discover_packages(colcon_meta) check parameters
[1.419s] Level 1:colcon.colcon_core.package_discovery:discover_packages(recursive) check parameters
[1.420s] Level 1:colcon.colcon_core.package_discovery:discover_packages(ignore) check parameters
[1.420s] Level 1:colcon.colcon_core.package_discovery:discover_packages(path) check parameters
[1.421s] Level 1:colcon.colcon_core.package_discovery:discover_packages(colcon_meta) discover
[1.421s] Level 1:colcon.colcon_core.package_discovery:discover_packages(recursive) discover
[1.422s] INFO:colcon.colcon_core.package_discovery:Crawling recursively for packages in '/home/arfan/belajar-ros2/testworkspace'
[1.423s] Level 1:colcon.colcon_core.package_identification:_identify(.) by extensions ['ignore', 'ignore_ament_install']
[1.423s] Level 1:colcon.colcon_core.package_identification:_identify(.) by extension 'ignore'
[1.424s] Level 1:colcon.colcon_core.package_identification:_identify(.) by extension 'ignore_ament_install'
[1.425s] Level 1:colcon.colcon_core.package_identification:_identify(.) by extensions ['colcon_pkg']
[1.425s] Level 1:colcon.colcon_core.package_identification:_identify(.) by extension 'colcon_pkg'
[1.426s] Level 1:colcon.colcon_core.package_identification:_identify(.) by extensions ['colcon_meta']
[1.426s] Level 1:colcon.colcon_core.package_identification:_identify(.) by extension 'colcon_meta'
[1.426s] Level 1:colcon.colcon_core.package_identification:_identify(.) by extensions ['ros']
[1.427s] Level 1:colcon.colcon_core.package_identification:_identify(.) by extension 'ros'
[1.507s] Level 1:colcon.colcon_core.package_identification:_identify(.) by extensions ['cmake', 'python']
[1.508s] Level 1:colcon.colcon_core.package_identification:_identify(.) by extension 'cmake'
[1.508s] Level 1:colcon.colcon_core.package_identification:_identify(.) by extension 'python'
[1.509s] Level 1:colcon.colcon_core.package_identification:_identify(.) by extensions ['python_setup_py']
[1.509s] Level 1:colcon.colcon_core.package_identification:_identify(.) by extension 'python_setup_py'
[1.510s] Level 1:colcon.colcon_core.package_identification:_identify(build) by extensions ['ignore', 'ignore_ament_install']
[1.511s] Level 1:colcon.colcon_core.package_identification:_identify(build) by extension 'ignore'
[1.512s] Level 1:colcon.colcon_core.package_identification:_identify(build) ignored
[1.513s] Level 1:colcon.colcon_core.package_identification:_identify(install) by extensions ['ignore', 'ignore_ament_install']
[1.513s] Level 1:colcon.colcon_core.package_identification:_identify(install) by extension 'ignore'
[1.514s] Level 1:colcon.colcon_core.package_identification:_identify(install) ignored
[1.515s] Level 1:colcon.colcon_core.package_identification:_identify(log) by extensions ['ignore', 'ignore_ament_install']
[1.515s] Level 1:colcon.colcon_core.package_identification:_identify(log) by extension 'ignore'
[1.516s] Level 1:colcon.colcon_core.package_identification:_identify(log) ignored
[1.517s] Level 1:colcon.colcon_core.package_identification:_identify(src) by extensions ['ignore', 'ignore_ament_install']
[1.518s] Level 1:colcon.colcon_core.package_identification:_identify(src) by extension 'ignore'
[1.519s] Level 1:colcon.colcon_core.package_identification:_identify(src) by extension 'ignore_ament_install'
[1.519s] Level 1:colcon.colcon_core.package_identification:_identify(src) by extensions ['colcon_pkg']
[1.520s] Level 1:colcon.colcon_core.package_identification:_identify(src) by extension 'colcon_pkg'
[1.520s] Level 1:colcon.colcon_core.package_identification:_identify(src) by extensions ['colcon_meta']
[1.520s] Level 1:colcon.colcon_core.package_identification:_identify(src) by extension 'colcon_meta'
[1.521s] Level 1:colcon.colcon_core.package_identification:_identify(src) by extensions ['ros']
[1.521s] Level 1:colcon.colcon_core.package_identification:_identify(src) by extension 'ros'
[1.524s] Level 1:colcon.colcon_core.package_identification:_identify(src) by extensions ['cmake', 'python']
[1.525s] Level 1:colcon.colcon_core.package_identification:_identify(src) by extension 'cmake'
[1.525s] Level 1:colcon.colcon_core.package_identification:_identify(src) by extension 'python'
[1.525s] Level 1:colcon.colcon_core.package_identification:_identify(src) by extensions ['python_setup_py']
[1.526s] Level 1:colcon.colcon_core.package_identification:_identify(src) by extension 'python_setup_py'
[1.527s] Level 1:colcon.colcon_core.package_identification:_identify(src/learn1) by extensions ['ignore', 'ignore_ament_install']
[1.527s] Level 1:colcon.colcon_core.package_identification:_identify(src/learn1) by extension 'ignore'
[1.528s] Level 1:colcon.colcon_core.package_identification:_identify(src/learn1) by extension 'ignore_ament_install'
[1.528s] Level 1:colcon.colcon_core.package_identification:_identify(src/learn1) by extensions ['colcon_pkg']
[1.529s] Level 1:colcon.colcon_core.package_identification:_identify(src/learn1) by extension 'colcon_pkg'
[1.529s] Level 1:colcon.colcon_core.package_identification:_identify(src/learn1) by extensions ['colcon_meta']
[1.529s] Level 1:colcon.colcon_core.package_identification:_identify(src/learn1) by extension 'colcon_meta'
[1.530s] Level 1:colcon.colcon_core.package_identification:_identify(src/learn1) by extensions ['ros']
[1.530s] Level 1:colcon.colcon_core.package_identification:_identify(src/learn1) by extension 'ros'
[1.552s] DEBUG:colcon.colcon_core.package_identification:Package 'src/learn1' with type 'ros.ament_cmake' and name 'learn1'
[1.553s] Level 1:colcon.colcon_core.package_identification:_identify(src/myrvis) by extensions ['ignore', 'ignore_ament_install']
[1.553s] Level 1:colcon.colcon_core.package_identification:_identify(src/myrvis) by extension 'ignore'
[1.558s] Level 1:colcon.colcon_core.package_identification:_identify(src/myrvis) by extension 'ignore_ament_install'
[1.561s] Level 1:colcon.colcon_core.package_identification:_identify(src/myrvis) by extensions ['colcon_pkg']
[1.562s] Level 1:colcon.colcon_core.package_identification:_identify(src/myrvis) by extension 'colcon_pkg'
[1.563s] Level 1:colcon.colcon_core.package_identification:_identify(src/myrvis) by extensions ['colcon_meta']
[1.563s] Level 1:colcon.colcon_core.package_identification:_identify(src/myrvis) by extension 'colcon_meta'
[1.568s] Level 1:colcon.colcon_core.package_identification:_identify(src/myrvis) by extensions ['ros']
[1.568s] Level 1:colcon.colcon_core.package_identification:_identify(src/myrvis) by extension 'ros'
[1.577s] DEBUG:colcon.colcon_core.package_identification:Package 'src/myrvis' with type 'ros.ament_cmake' and name 'myrvis'
[1.578s] Level 1:colcon.colcon_core.package_discovery:discover_packages(recursive) using defaults
[1.578s] Level 1:colcon.colcon_core.package_discovery:discover_packages(ignore) discover
[1.578s] Level 1:colcon.colcon_core.package_discovery:discover_packages(ignore) using defaults
[1.579s] Level 1:colcon.colcon_core.package_discovery:discover_packages(path) discover
[1.579s] Level 1:colcon.colcon_core.package_discovery:discover_packages(path) using defaults
[1.957s] Level 1:colcon.colcon_core.package_discovery:discover_packages(prefix_path) check parameters
[1.958s] Level 1:colcon.colcon_core.package_discovery:discover_packages(prefix_path) discover
[1.980s] DEBUG:colcon.colcon_installed_package_information.package_discovery:Found 2 installed packages in /home/arfan/belajar-ros2/testworkspace/install
[1.994s] DEBUG:colcon.colcon_installed_package_information.package_discovery:Found 257 installed packages in /opt/ros/foxy
[2.008s] Level 1:colcon.colcon_core.package_discovery:discover_packages(prefix_path) using defaults
[3.500s] Level 5:colcon.colcon_core.verb:set package 'learn1' build argument 'cmake_args' from command line to 'None'
[3.501s] Level 5:colcon.colcon_core.verb:set package 'learn1' build argument 'cmake_target' from command line to 'None'
[3.504s] Level 5:colcon.colcon_core.verb:set package 'learn1' build argument 'cmake_target_skip_unavailable' from command line to 'False'
[3.506s] Level 5:colcon.colcon_core.verb:set package 'learn1' build argument 'cmake_clean_cache' from command line to 'False'
[3.507s] Level 5:colcon.colcon_core.verb:set package 'learn1' build argument 'cmake_clean_first' from command line to 'False'
[3.508s] Level 5:colcon.colcon_core.verb:set package 'learn1' build argument 'cmake_force_configure' from command line to 'False'
[3.509s] Level 5:colcon.colcon_core.verb:set package 'learn1' build argument 'ament_cmake_args' from command line to 'None'
[3.510s] Level 5:colcon.colcon_core.verb:set package 'learn1' build argument 'catkin_cmake_args' from command line to 'None'
[3.511s] Level 5:colcon.colcon_core.verb:set package 'learn1' build argument 'catkin_skip_building_tests' from command line to 'False'
[3.511s] DEBUG:colcon.colcon_core.verb:Building package 'learn1' with the following arguments: {'ament_cmake_args': None, 'build_base': '/home/arfan/belajar-ros2/testworkspace/build/learn1', 'catkin_cmake_args': None, 'catkin_skip_building_tests': False, 'cmake_args': None, 'cmake_clean_cache': False, 'cmake_clean_first': False, 'cmake_force_configure': False, 'cmake_target': None, 'cmake_target_skip_unavailable': False, 'install_base': '/home/arfan/belajar-ros2/testworkspace/install/learn1', 'merge_install': False, 'path': '/home/arfan/belajar-ros2/testworkspace/src/learn1', 'symlink_install': False, 'test_result_base': None}
[3.529s] Level 5:colcon.colcon_core.verb:set package 'myrvis' build argument 'cmake_args' from command line to 'None'
[3.531s] Level 5:colcon.colcon_core.verb:set package 'myrvis' build argument 'cmake_target' from command line to 'None'
[3.532s] Level 5:colcon.colcon_core.verb:set package 'myrvis' build argument 'cmake_target_skip_unavailable' from command line to 'False'
[3.533s] Level 5:colcon.colcon_core.verb:set package 'myrvis' build argument 'cmake_clean_cache' from command line to 'False'
[3.536s] Level 5:colcon.colcon_core.verb:set package 'myrvis' build argument 'cmake_clean_first' from command line to 'False'
[3.536s] Level 5:colcon.colcon_core.verb:set package 'myrvis' build argument 'cmake_force_configure' from command line to 'False'
[3.537s] Level 5:colcon.colcon_core.verb:set package 'myrvis' build argument 'ament_cmake_args' from command line to 'None'
[3.537s] Level 5:colcon.colcon_core.verb:set package 'myrvis' build argument 'catkin_cmake_args' from command line to 'None'
[3.538s] Level 5:colcon.colcon_core.verb:set package 'myrvis' build argument 'catkin_skip_building_tests' from command line to 'False'
[3.538s] DEBUG:colcon.colcon_core.verb:Building package 'myrvis' with the following arguments: {'ament_cmake_args': None, 'build_base': '/home/arfan/belajar-ros2/testworkspace/build/myrvis', 'catkin_cmake_args': None, 'catkin_skip_building_tests': False, 'cmake_args': None, 'cmake_clean_cache': False, 'cmake_clean_first': False, 'cmake_force_configure': False, 'cmake_target': None, 'cmake_target_skip_unavailable': False, 'install_base': '/home/arfan/belajar-ros2/testworkspace/install/myrvis', 'merge_install': False, 'path': '/home/arfan/belajar-ros2/testworkspace/src/myrvis', 'symlink_install': False, 'test_result_base': None}
[3.547s] INFO:colcon.colcon_core.executor:Executing jobs using 'parallel' executor
[3.615s] DEBUG:colcon.colcon_parallel_executor.executor.parallel:run_until_complete
[3.617s] INFO:colcon.colcon_ros.task.ament_cmake.build:Building ROS package in '/home/arfan/belajar-ros2/testworkspace/src/learn1' with build type 'ament_cmake'
[3.618s] INFO:colcon.colcon_cmake.task.cmake.build:Building CMake package in '/home/arfan/belajar-ros2/testworkspace/src/learn1'
[3.676s] INFO:colcon.colcon_core.plugin_system:Skipping extension 'colcon_core.shell.bat': Not used on non-Windows systems
[3.679s] INFO:colcon.colcon_core.shell:Skip shell extension 'powershell' for command environment: Not usable outside of PowerShell
[3.681s] DEBUG:colcon.colcon_core.shell:Skip shell extension 'dsv' for command environment
[3.727s] INFO:colcon.colcon_ros.task.ament_cmake.build:Building ROS package in '/home/arfan/belajar-ros2/testworkspace/src/myrvis' with build type 'ament_cmake'
[3.729s] INFO:colcon.colcon_cmake.task.cmake.build:Building CMake package in '/home/arfan/belajar-ros2/testworkspace/src/myrvis'
[3.757s] INFO:colcon.colcon_core.shell:Skip shell extension 'powershell' for command environment: Not usable outside of PowerShell
[3.760s] DEBUG:colcon.colcon_core.shell:Skip shell extension 'dsv' for command environment
[3.870s] DEBUG:colcon.colcon_core.event_handler.log_command:Invoking command in '/home/arfan/belajar-ros2/testworkspace/build/learn1': CMAKE_PREFIX_PATH=${CMAKE_PREFIX_PATH}:/opt/ros/foxy /usr/bin/cmake --build /home/arfan/belajar-ros2/testworkspace/build/learn1 -- -j2 -l2
[4.087s] DEBUG:colcon.colcon_core.event_handler.log_command:Invoking command in '/home/arfan/belajar-ros2/testworkspace/build/myrvis': CMAKE_PREFIX_PATH=${CMAKE_PREFIX_PATH}:/opt/ros/foxy /usr/bin/cmake --build /home/arfan/belajar-ros2/testworkspace/build/myrvis -- -j2 -l2
[5.205s] DEBUG:colcon.colcon_core.event_handler.log_command:Invoked command in '/home/arfan/belajar-ros2/testworkspace/build/myrvis' returned '0': CMAKE_PREFIX_PATH=${CMAKE_PREFIX_PATH}:/opt/ros/foxy /usr/bin/cmake --build /home/arfan/belajar-ros2/testworkspace/build/myrvis -- -j2 -l2
[6.139s] DEBUG:colcon.colcon_core.event_handler.log_command:Invoking command in '/home/arfan/belajar-ros2/testworkspace/build/myrvis': CMAKE_PREFIX_PATH=${CMAKE_PREFIX_PATH}:/opt/ros/foxy /usr/bin/cmake --install /home/arfan/belajar-ros2/testworkspace/build/myrvis
[6.470s] Level 1:colcon.colcon_core.environment:create_environment_scripts_only(myrvis)
[6.489s] DEBUG:colcon.colcon_core.event_handler.log_command:Invoked command in '/home/arfan/belajar-ros2/testworkspace/build/myrvis' returned '0': CMAKE_PREFIX_PATH=${CMAKE_PREFIX_PATH}:/opt/ros/foxy /usr/bin/cmake --install /home/arfan/belajar-ros2/testworkspace/build/myrvis
[6.639s] Level 1:colcon.colcon_core.environment:checking '/home/arfan/belajar-ros2/testworkspace/install/myrvis' for CMake module files
[6.648s] Level 1:colcon.colcon_core.environment:checking '/home/arfan/belajar-ros2/testworkspace/install/myrvis' for CMake config files
[6.655s] Level 1:colcon.colcon_core.shell:create_environment_hook('myrvis', 'cmake_prefix_path')
[6.690s] INFO:colcon.colcon_core.shell:Creating environment hook '/home/arfan/belajar-ros2/testworkspace/install/myrvis/share/myrvis/hook/cmake_prefix_path.ps1'
[6.733s] INFO:colcon.colcon_core.shell:Creating environment descriptor '/home/arfan/belajar-ros2/testworkspace/install/myrvis/share/myrvis/hook/cmake_prefix_path.dsv'
[6.748s] INFO:colcon.colcon_core.shell:Creating environment hook '/home/arfan/belajar-ros2/testworkspace/install/myrvis/share/myrvis/hook/cmake_prefix_path.sh'
[6.797s] Level 1:colcon.colcon_core.environment:checking '/home/arfan/belajar-ros2/testworkspace/install/myrvis/lib'
[6.815s] Level 1:colcon.colcon_core.environment:checking '/home/arfan/belajar-ros2/testworkspace/install/myrvis/bin'
[6.824s] Level 1:colcon.colcon_core.environment:checking '/home/arfan/belajar-ros2/testworkspace/install/myrvis/lib/pkgconfig/myrvis.pc'
[6.832s] Level 1:colcon.colcon_core.environment:checking '/home/arfan/belajar-ros2/testworkspace/install/myrvis/lib/python3.8/site-packages'
[6.853s] Level 1:colcon.colcon_core.environment:checking '/home/arfan/belajar-ros2/testworkspace/install/myrvis/bin'
[7.012s] INFO:colcon.colcon_core.shell:Creating package script '/home/arfan/belajar-ros2/testworkspace/install/myrvis/share/myrvis/package.ps1'
[7.081s] INFO:colcon.colcon_core.shell:Creating package descriptor '/home/arfan/belajar-ros2/testworkspace/install/myrvis/share/myrvis/package.dsv'
[7.144s] INFO:colcon.colcon_core.shell:Creating package script '/home/arfan/belajar-ros2/testworkspace/install/myrvis/share/myrvis/package.sh'
[7.189s] INFO:colcon.colcon_core.shell:Creating package script '/home/arfan/belajar-ros2/testworkspace/install/myrvis/share/myrvis/package.bash'
[7.295s] INFO:colcon.colcon_core.shell:Creating package script '/home/arfan/belajar-ros2/testworkspace/install/myrvis/share/myrvis/package.zsh'
[7.350s] Level 1:colcon.colcon_core.environment:create_file_with_runtime_dependencies(/home/arfan/belajar-ros2/testworkspace/install/myrvis/share/colcon-core/packages/myrvis)
[8.617s] Level 1:colcon.colcon_core.environment:create_environment_scripts_only(myrvis)
[8.790s] Level 1:colcon.colcon_core.environment:checking '/home/arfan/belajar-ros2/testworkspace/install/myrvis' for CMake module files
[8.814s] Level 1:colcon.colcon_core.environment:checking '/home/arfan/belajar-ros2/testworkspace/install/myrvis' for CMake config files
[8.828s] Level 1:colcon.colcon_core.shell:create_environment_hook('myrvis', 'cmake_prefix_path')
[8.898s] INFO:colcon.colcon_core.shell:Creating environment hook '/home/arfan/belajar-ros2/testworkspace/install/myrvis/share/myrvis/hook/cmake_prefix_path.ps1'
[8.932s] INFO:colcon.colcon_core.shell:Creating environment descriptor '/home/arfan/belajar-ros2/testworkspace/install/myrvis/share/myrvis/hook/cmake_prefix_path.dsv'
[8.954s] INFO:colcon.colcon_core.shell:Creating environment hook '/home/arfan/belajar-ros2/testworkspace/install/myrvis/share/myrvis/hook/cmake_prefix_path.sh'
[8.986s] Level 1:colcon.colcon_core.environment:checking '/home/arfan/belajar-ros2/testworkspace/install/myrvis/lib'
[8.993s] Level 1:colcon.colcon_core.environment:checking '/home/arfan/belajar-ros2/testworkspace/install/myrvis/bin'
[8.995s] Level 1:colcon.colcon_core.environment:checking '/home/arfan/belajar-ros2/testworkspace/install/myrvis/lib/pkgconfig/myrvis.pc'
[8.999s] Level 1:colcon.colcon_core.environment:checking '/home/arfan/belajar-ros2/testworkspace/install/myrvis/lib/python3.8/site-packages'
[9.009s] Level 1:colcon.colcon_core.environment:checking '/home/arfan/belajar-ros2/testworkspace/install/myrvis/bin'
[9.072s] INFO:colcon.colcon_core.shell:Creating package script '/home/arfan/belajar-ros2/testworkspace/install/myrvis/share/myrvis/package.ps1'
[9.120s] INFO:colcon.colcon_core.shell:Creating package descriptor '/home/arfan/belajar-ros2/testworkspace/install/myrvis/share/myrvis/package.dsv'
[9.130s] INFO:colcon.colcon_core.shell:Creating package script '/home/arfan/belajar-ros2/testworkspace/install/myrvis/share/myrvis/package.sh'
[9.134s] INFO:colcon.colcon_core.shell:Creating package script '/home/arfan/belajar-ros2/testworkspace/install/myrvis/share/myrvis/package.bash'
[9.170s] INFO:colcon.colcon_core.shell:Creating package script '/home/arfan/belajar-ros2/testworkspace/install/myrvis/share/myrvis/package.zsh'
[9.206s] Level 1:colcon.colcon_core.environment:create_file_with_runtime_dependencies(/home/arfan/belajar-ros2/testworkspace/install/myrvis/share/colcon-core/packages/myrvis)
[93.064s] DEBUG:colcon.colcon_core.event_handler.log_command:Invoked command in '/home/arfan/belajar-ros2/testworkspace/build/learn1' returned '0': CMAKE_PREFIX_PATH=${CMAKE_PREFIX_PATH}:/opt/ros/foxy /usr/bin/cmake --build /home/arfan/belajar-ros2/testworkspace/build/learn1 -- -j2 -l2
[93.791s] DEBUG:colcon.colcon_core.event_handler.log_command:Invoking command in '/home/arfan/belajar-ros2/testworkspace/build/learn1': CMAKE_PREFIX_PATH=${CMAKE_PREFIX_PATH}:/opt/ros/foxy /usr/bin/cmake --install /home/arfan/belajar-ros2/testworkspace/build/learn1
[94.301s] Level 1:colcon.colcon_core.environment:create_environment_scripts_only(learn1)
[94.358s] DEBUG:colcon.colcon_core.event_handler.log_command:Invoked command in '/home/arfan/belajar-ros2/testworkspace/build/learn1' returned '0': CMAKE_PREFIX_PATH=${CMAKE_PREFIX_PATH}:/opt/ros/foxy /usr/bin/cmake --install /home/arfan/belajar-ros2/testworkspace/build/learn1
[94.497s] Level 1:colcon.colcon_core.environment:checking '/home/arfan/belajar-ros2/testworkspace/install/learn1' for CMake module files
[94.542s] Level 1:colcon.colcon_core.environment:checking '/home/arfan/belajar-ros2/testworkspace/install/learn1' for CMake config files
[94.552s] Level 1:colcon.colcon_core.shell:create_environment_hook('learn1', 'cmake_prefix_path')
[94.671s] INFO:colcon.colcon_core.shell:Creating environment hook '/home/arfan/belajar-ros2/testworkspace/install/learn1/share/learn1/hook/cmake_prefix_path.ps1'
[94.689s] INFO:colcon.colcon_core.shell:Creating environment descriptor '/home/arfan/belajar-ros2/testworkspace/install/learn1/share/learn1/hook/cmake_prefix_path.dsv'
[94.701s] INFO:colcon.colcon_core.shell:Creating environment hook '/home/arfan/belajar-ros2/testworkspace/install/learn1/share/learn1/hook/cmake_prefix_path.sh'
[94.737s] Level 1:colcon.colcon_core.environment:checking '/home/arfan/belajar-ros2/testworkspace/install/learn1/lib'
[94.754s] Level 1:colcon.colcon_core.environment:checking '/home/arfan/belajar-ros2/testworkspace/install/learn1/bin'
[94.757s] Level 1:colcon.colcon_core.environment:checking '/home/arfan/belajar-ros2/testworkspace/install/learn1/lib/pkgconfig/learn1.pc'
[94.775s] Level 1:colcon.colcon_core.environment:checking '/home/arfan/belajar-ros2/testworkspace/install/learn1/lib/python3.8/site-packages'
[94.782s] Level 1:colcon.colcon_core.environment:checking '/home/arfan/belajar-ros2/testworkspace/install/learn1/bin'
[94.978s] INFO:colcon.colcon_core.shell:Creating package script '/home/arfan/belajar-ros2/testworkspace/install/learn1/share/learn1/package.ps1'
[94.990s] INFO:colcon.colcon_core.shell:Creating package descriptor '/home/arfan/belajar-ros2/testworkspace/install/learn1/share/learn1/package.dsv'
[95.011s] INFO:colcon.colcon_core.shell:Creating package script '/home/arfan/belajar-ros2/testworkspace/install/learn1/share/learn1/package.sh'
[95.030s] INFO:colcon.colcon_core.shell:Creating package script '/home/arfan/belajar-ros2/testworkspace/install/learn1/share/learn1/package.bash'
[95.047s] INFO:colcon.colcon_core.shell:Creating package script '/home/arfan/belajar-ros2/testworkspace/install/learn1/share/learn1/package.zsh'
[95.062s] Level 1:colcon.colcon_core.environment:create_file_with_runtime_dependencies(/home/arfan/belajar-ros2/testworkspace/install/learn1/share/colcon-core/packages/learn1)
[96.225s] Level 1:colcon.colcon_core.environment:create_environment_scripts_only(learn1)
[96.333s] Level 1:colcon.colcon_core.environment:checking '/home/arfan/belajar-ros2/testworkspace/install/learn1' for CMake module files
[96.348s] Level 1:colcon.colcon_core.environment:checking '/home/arfan/belajar-ros2/testworkspace/install/learn1' for CMake config files
[96.349s] Level 1:colcon.colcon_core.shell:create_environment_hook('learn1', 'cmake_prefix_path')
[96.481s] INFO:colcon.colcon_core.shell:Creating environment hook '/home/arfan/belajar-ros2/testworkspace/install/learn1/share/learn1/hook/cmake_prefix_path.ps1'
[96.518s] INFO:colcon.colcon_core.shell:Creating environment descriptor '/home/arfan/belajar-ros2/testworkspace/install/learn1/share/learn1/hook/cmake_prefix_path.dsv'
[96.548s] INFO:colcon.colcon_core.shell:Creating environment hook '/home/arfan/belajar-ros2/testworkspace/install/learn1/share/learn1/hook/cmake_prefix_path.sh'
[96.582s] Level 1:colcon.colcon_core.environment:checking '/home/arfan/belajar-ros2/testworkspace/install/learn1/lib'
[96.591s] Level 1:colcon.colcon_core.environment:checking '/home/arfan/belajar-ros2/testworkspace/install/learn1/bin'
[96.594s] Level 1:colcon.colcon_core.environment:checking '/home/arfan/belajar-ros2/testworkspace/install/learn1/lib/pkgconfig/learn1.pc'
[96.601s] Level 1:colcon.colcon_core.environment:checking '/home/arfan/belajar-ros2/testworkspace/install/learn1/lib/python3.8/site-packages'
[96.605s] Level 1:colcon.colcon_core.environment:checking '/home/arfan/belajar-ros2/testworkspace/install/learn1/bin'
[96.696s] INFO:colcon.colcon_core.shell:Creating package script '/home/arfan/belajar-ros2/testworkspace/install/learn1/share/learn1/package.ps1'
[96.700s] INFO:colcon.colcon_core.shell:Creating package descriptor '/home/arfan/belajar-ros2/testworkspace/install/learn1/share/learn1/package.dsv'
[96.748s] INFO:colcon.colcon_core.shell:Creating package script '/home/arfan/belajar-ros2/testworkspace/install/learn1/share/learn1/package.sh'
[96.751s] INFO:colcon.colcon_core.shell:Creating package script '/home/arfan/belajar-ros2/testworkspace/install/learn1/share/learn1/package.bash'
[96.785s] INFO:colcon.colcon_core.shell:Creating package script '/home/arfan/belajar-ros2/testworkspace/install/learn1/share/learn1/package.zsh'
[96.797s] Level 1:colcon.colcon_core.environment:create_file_with_runtime_dependencies(/home/arfan/belajar-ros2/testworkspace/install/learn1/share/colcon-core/packages/learn1)
[96.823s] DEBUG:colcon.colcon_parallel_executor.executor.parallel:closing loop
[96.824s] DEBUG:colcon.colcon_parallel_executor.executor.parallel:loop closed
[96.833s] DEBUG:colcon.colcon_parallel_executor.executor.parallel:run_until_complete finished with '0'
[96.834s] DEBUG:colcon.colcon_core.event_reactor:joining thread
[97.117s] INFO:colcon.colcon_core.plugin_system:Skipping extension 'colcon_notification.desktop_notification.terminal_notifier': Not used on non-Darwin systems
[97.137s] INFO:colcon.colcon_core.plugin_system:Skipping extension 'colcon_notification.desktop_notification.win32': Not used on non-Windows systems
[97.145s] INFO:colcon.colcon_notification.desktop_notification:Sending desktop notification using 'notify2'
[97.408s] DEBUG:colcon.colcon_core.event_reactor:joined thread
[97.440s] INFO:colcon.colcon_core.shell:Creating prefix script '/home/arfan/belajar-ros2/testworkspace/install/local_setup.ps1'
[97.491s] INFO:colcon.colcon_core.shell:Creating prefix util module '/home/arfan/belajar-ros2/testworkspace/install/_local_setup_util_ps1.py'
[97.521s] INFO:colcon.colcon_core.shell:Creating prefix chain script '/home/arfan/belajar-ros2/testworkspace/install/setup.ps1'
[97.551s] INFO:colcon.colcon_core.shell:Creating prefix script '/home/arfan/belajar-ros2/testworkspace/install/local_setup.sh'
[97.578s] INFO:colcon.colcon_core.shell:Creating prefix util module '/home/arfan/belajar-ros2/testworkspace/install/_local_setup_util_sh.py'
[97.602s] INFO:colcon.colcon_core.shell:Creating prefix chain script '/home/arfan/belajar-ros2/testworkspace/install/setup.sh'
[97.631s] INFO:colcon.colcon_core.shell:Creating prefix script '/home/arfan/belajar-ros2/testworkspace/install/local_setup.bash'
[97.643s] INFO:colcon.colcon_core.shell:Creating prefix chain script '/home/arfan/belajar-ros2/testworkspace/install/setup.bash'
[97.652s] INFO:colcon.colcon_core.shell:Creating prefix script '/home/arfan/belajar-ros2/testworkspace/install/local_setup.zsh'
[97.687s] INFO:colcon.colcon_core.shell:Creating prefix chain script '/home/arfan/belajar-ros2/testworkspace/install/setup.zsh'
