[0.203s] Invoking command in '/home/arfan/belajar-ros2/testworkspace/build/myrvis': CMAKE_PREFIX_PATH=${CMAKE_PREFIX_PATH}:/opt/ros/foxy /usr/bin/cmake --build /home/arfan/belajar-ros2/testworkspace/build/myrvis -- -j2 -l2
[0.895s] [100%] Built target myrvis
[1.117s] Invoked command in '/home/arfan/belajar-ros2/testworkspace/build/myrvis' returned '0': CMAKE_PREFIX_PATH=${CMAKE_PREFIX_PATH}:/opt/ros/foxy /usr/bin/cmake --build /home/arfan/belajar-ros2/testworkspace/build/myrvis -- -j2 -l2
[1.819s] Invoking command in '/home/arfan/belajar-ros2/testworkspace/build/myrvis': CMAKE_PREFIX_PATH=${CMAKE_PREFIX_PATH}:/opt/ros/foxy /usr/bin/cmake --install /home/arfan/belajar-ros2/testworkspace/build/myrvis
[1.982s] -- Install configuration: ""
[1.984s] -- Up-to-date: /home/arfan/belajar-ros2/testworkspace/install/myrvis/lib/myrvis/myrvis
[1.987s] -- Up-to-date: /home/arfan/belajar-ros2/testworkspace/install/myrvis/share/ament_index/resource_index/package_run_dependencies/myrvis
[1.988s] -- Up-to-date: /home/arfan/belajar-ros2/testworkspace/install/myrvis/share/ament_index/resource_index/parent_prefix_path/myrvis
[1.990s] -- Up-to-date: /home/arfan/belajar-ros2/testworkspace/install/myrvis/share/myrvis/environment/ament_prefix_path.sh
[1.992s] -- Up-to-date: /home/arfan/belajar-ros2/testworkspace/install/myrvis/share/myrvis/environment/ament_prefix_path.dsv
[1.995s] -- Up-to-date: /home/arfan/belajar-ros2/testworkspace/install/myrvis/share/myrvis/environment/path.sh
[2.000s] -- Up-to-date: /home/arfan/belajar-ros2/testworkspace/install/myrvis/share/myrvis/environment/path.dsv
[2.006s] -- Up-to-date: /home/arfan/belajar-ros2/testworkspace/install/myrvis/share/myrvis/local_setup.bash
[2.007s] -- Up-to-date: /home/arfan/belajar-ros2/testworkspace/install/myrvis/share/myrvis/local_setup.sh
[2.010s] -- Up-to-date: /home/arfan/belajar-ros2/testworkspace/install/myrvis/share/myrvis/local_setup.zsh
[2.013s] -- Up-to-date: /home/arfan/belajar-ros2/testworkspace/install/myrvis/share/myrvis/local_setup.dsv
[2.014s] -- Installing: /home/arfan/belajar-ros2/testworkspace/install/myrvis/share/myrvis/package.dsv
[2.020s] -- Up-to-date: /home/arfan/belajar-ros2/testworkspace/install/myrvis/share/ament_index/resource_index/packages/myrvis
[2.022s] -- Up-to-date: /home/arfan/belajar-ros2/testworkspace/install/myrvis/share/myrvis/cmake/myrvisConfig.cmake
[2.023s] -- Up-to-date: /home/arfan/belajar-ros2/testworkspace/install/myrvis/share/myrvis/cmake/myrvisConfig-version.cmake
[2.030s] -- Up-to-date: /home/arfan/belajar-ros2/testworkspace/install/myrvis/share/myrvis/package.xml
[2.051s] Invoked command in '/home/arfan/belajar-ros2/testworkspace/build/myrvis' returned '0': CMAKE_PREFIX_PATH=${CMAKE_PREFIX_PATH}:/opt/ros/foxy /usr/bin/cmake --install /home/arfan/belajar-ros2/testworkspace/build/myrvis
