[01m[K/home/arfan/belajar-ros2/testworkspace/src/learn1/src/main.cpp:[m[K In constructor ‘[01m[KLearn1Publisher::Learn1Publisher()[m[K’:
[01m[K/home/arfan/belajar-ros2/testworkspace/src/learn1/src/main.cpp:21:46:[m[K [01;31m[Kerror: [m[Kno match for ‘[01m[Koperator=[m[K’ (operand types are ‘[01m[Kvisualization_msgs::msg::Marker_<std::allocator<void> >::_lifetime_type[m[K’ {aka ‘[01m[Kbuiltin_interfaces::msg::Duration_<std::allocator<void> >[m[K’} and ‘[01m[Krclcpp::Time[m[K’)
   21 |     marker.lifetime = this->get_clock()->now([01;31m[K)[m[K;
      |                                              [01;31m[K^[m[K
In file included from [01m[K/opt/ros/foxy/include/builtin_interfaces/msg/duration.hpp:7[m[K,
                 from [01m[K/opt/ros/foxy/include/rclcpp/duration.hpp:20[m[K,
                 from [01m[K/opt/ros/foxy/include/rclcpp/qos.hpp:20[m[K,
                 from [01m[K/opt/ros/foxy/include/rclcpp/node_interfaces/node_graph_interface.hpp:31[m[K,
                 from [01m[K/opt/ros/foxy/include/rclcpp/client.hpp:34[m[K,
                 from [01m[K/opt/ros/foxy/include/rclcpp/callback_group.hpp:23[m[K,
                 from [01m[K/opt/ros/foxy/include/rclcpp/any_executable.hpp:20[m[K,
                 from [01m[K/opt/ros/foxy/include/rclcpp/memory_strategy.hpp:24[m[K,
                 from [01m[K/opt/ros/foxy/include/rclcpp/memory_strategies.hpp:18[m[K,
                 from [01m[K/opt/ros/foxy/include/rclcpp/executor_options.hpp:20[m[K,
                 from [01m[K/opt/ros/foxy/include/rclcpp/executor.hpp:33[m[K,
                 from [01m[K/opt/ros/foxy/include/rclcpp/executors/multi_threaded_executor.hpp:26[m[K,
                 from [01m[K/opt/ros/foxy/include/rclcpp/executors.hpp:21[m[K,
                 from [01m[K/opt/ros/foxy/include/rclcpp/rclcpp.hpp:146[m[K,
                 from [01m[K/home/arfan/belajar-ros2/testworkspace/src/learn1/src/main.cpp:3[m[K:
[01m[K/opt/ros/foxy/include/builtin_interfaces/msg/detail/duration__struct.hpp:31:8:[m[K [01;36m[Knote: [m[Kcandidate: ‘[01m[Kconstexpr builtin_interfaces::msg::Duration_<std::allocator<void> >& builtin_interfaces::msg::Duration_<std::allocator<void> >::operator=(const builtin_interfaces::msg::Duration_<std::allocator<void> >&)[m[K’
   31 | struct [01;36m[KDuration_[m[K
      |        [01;36m[K^~~~~~~~~[m[K
[01m[K/opt/ros/foxy/include/builtin_interfaces/msg/detail/duration__struct.hpp:31:8:[m[K [01;36m[Knote: [m[K  no known conversion for argument 1 from ‘[01m[Krclcpp::Time[m[K’ to ‘[01m[Kconst builtin_interfaces::msg::Duration_<std::allocator<void> >&[m[K’
[01m[K/opt/ros/foxy/include/builtin_interfaces/msg/detail/duration__struct.hpp:31:8:[m[K [01;36m[Knote: [m[Kcandidate: ‘[01m[Kconstexpr builtin_interfaces::msg::Duration_<std::allocator<void> >& builtin_interfaces::msg::Duration_<std::allocator<void> >::operator=(builtin_interfaces::msg::Duration_<std::allocator<void> >&&)[m[K’
[01m[K/opt/ros/foxy/include/builtin_interfaces/msg/detail/duration__struct.hpp:31:8:[m[K [01;36m[Knote: [m[K  no known conversion for argument 1 from ‘[01m[Krclcpp::Time[m[K’ to ‘[01m[Kbuiltin_interfaces::msg::Duration_<std::allocator<void> >&&[m[K’
make[2]: *** [CMakeFiles/main.dir/build.make:63: CMakeFiles/main.dir/src/main.cpp.o] Error 1
make[1]: *** [CMakeFiles/Makefile2:78: CMakeFiles/main.dir/all] Error 2
make: *** [Makefile:141: all] Error 2
