[0.185s] Invoking command in '/home/arfan/belajar-ros2/testworkspace/build/learn1': CMAKE_PREFIX_PATH=${CMAKE_PREFIX_PATH}:/opt/ros/foxy /usr/bin/cmake --build /home/arfan/belajar-ros2/testworkspace/build/learn1 -- -j2 -l2
[0.585s] [35m[1mScanning dependencies of target main[0m
[0.992s] [ 50%] [32mBuilding CXX object CMakeFiles/main.dir/src/main.cpp.o[0m
[68.952s] [100%] [32m[1mLinking CXX executable main[0m
[70.824s] [100%] Built target main
[70.889s] Invoked command in '/home/arfan/belajar-ros2/testworkspace/build/learn1' returned '0': CMAKE_PREFIX_PATH=${CMAKE_PREFIX_PATH}:/opt/ros/foxy /usr/bin/cmake --build /home/arfan/belajar-ros2/testworkspace/build/learn1 -- -j2 -l2
[71.059s] Invoking command in '/home/arfan/belajar-ros2/testworkspace/build/learn1': CMAKE_PREFIX_PATH=${CMAKE_PREFIX_PATH}:/opt/ros/foxy /usr/bin/cmake --install /home/arfan/belajar-ros2/testworkspace/build/learn1
[71.109s] -- Install configuration: ""
[71.111s] -- Installing: /home/arfan/belajar-ros2/testworkspace/install/learn1/lib/learn1/main
[71.127s] -- Set runtime path of "/home/arfan/belajar-ros2/testworkspace/install/learn1/lib/learn1/main" to ""
[71.130s] -- Up-to-date: /home/arfan/belajar-ros2/testworkspace/install/learn1/share/ament_index/resource_index/package_run_dependencies/learn1
[71.131s] -- Up-to-date: /home/arfan/belajar-ros2/testworkspace/install/learn1/share/ament_index/resource_index/parent_prefix_path/learn1
[71.132s] -- Up-to-date: /home/arfan/belajar-ros2/testworkspace/install/learn1/share/learn1/environment/ament_prefix_path.sh
[71.132s] -- Up-to-date: /home/arfan/belajar-ros2/testworkspace/install/learn1/share/learn1/environment/ament_prefix_path.dsv
[71.133s] -- Up-to-date: /home/arfan/belajar-ros2/testworkspace/install/learn1/share/learn1/environment/path.sh
[71.134s] -- Up-to-date: /home/arfan/belajar-ros2/testworkspace/install/learn1/share/learn1/environment/path.dsv
[71.136s] -- Up-to-date: /home/arfan/belajar-ros2/testworkspace/install/learn1/share/learn1/local_setup.bash
[71.165s] -- Up-to-date: /home/arfan/belajar-ros2/testworkspace/install/learn1/share/learn1/local_setup.sh
[71.168s] -- Up-to-date: /home/arfan/belajar-ros2/testworkspace/install/learn1/share/learn1/local_setup.zsh
[71.171s] -- Up-to-date: /home/arfan/belajar-ros2/testworkspace/install/learn1/share/learn1/local_setup.dsv
[71.173s] -- Installing: /home/arfan/belajar-ros2/testworkspace/install/learn1/share/learn1/package.dsv
[71.176s] -- Up-to-date: /home/arfan/belajar-ros2/testworkspace/install/learn1/share/ament_index/resource_index/packages/learn1
[71.180s] -- Up-to-date: /home/arfan/belajar-ros2/testworkspace/install/learn1/share/learn1/cmake/learn1Config.cmake
[71.199s] -- Up-to-date: /home/arfan/belajar-ros2/testworkspace/install/learn1/share/learn1/cmake/learn1Config-version.cmake
[71.202s] -- Up-to-date: /home/arfan/belajar-ros2/testworkspace/install/learn1/share/learn1/package.xml
[71.206s] Invoked command in '/home/arfan/belajar-ros2/testworkspace/build/learn1' returned '0': CMAKE_PREFIX_PATH=${CMAKE_PREFIX_PATH}:/opt/ros/foxy /usr/bin/cmake --install /home/arfan/belajar-ros2/testworkspace/build/learn1
