[0.110s] Invoking command in '/home/arfan/belajar-ros2/testworkspace/build/learn1': CMAKE_PREFIX_PATH=/opt/ros/foxy /usr/bin/cmake /home/arfan/belajar-ros2/testworkspace/src/learn1 -DCMAKE_INSTALL_PREFIX=/home/arfan/belajar-ros2/testworkspace/install/learn1
[0.233s] -- Found ament_cmake: 0.9.11 (/opt/ros/foxy/share/ament_cmake/cmake)
[0.383s] -- Using PYTHON_EXECUTABLE: /usr/bin/python3
[1.708s] -- Found rclcpp: 2.4.2 (/opt/ros/foxy/share/rclcpp/cmake)
[1.906s] -- Using all available rosidl_typesupport_c: rosidl_typesupport_fastrtps_c;rosidl_typesupport_introspection_c
[1.930s] -- Found rosidl_adapter: 1.3.0 (/opt/ros/foxy/share/rosidl_adapter/cmake)
[2.584s] -- Using all available rosidl_typesupport_cpp: rosidl_typesupport_fastrtps_cpp;rosidl_typesupport_introspection_cpp
[2.941s] -- Found rmw_implementation_cmake: 1.0.3 (/opt/ros/foxy/share/rmw_implementation_cmake/cmake)
[2.950s] -- Using RMW implementation 'rmw_fastrtps_cpp' as default
[4.619s] -- Found ament_lint_auto: 0.9.7 (/opt/ros/foxy/share/ament_lint_auto/cmake)
[5.312s] -- Added test 'copyright' to check source files copyright and LICENSE
[5.335s] -- Added test 'cppcheck' to perform static code analysis on C / C++ code
[5.337s] -- Configured cppcheck include dirs: $<BUILD_INTERFACE:/home/arfan/belajar-ros2/testworkspace/src/learn1/include>
[5.338s] -- Configured cppcheck exclude dirs and/or files: 
[5.344s] -- Added test 'cpplint' to check C / C++ code against the Google style
[5.345s] -- Configured cpplint exclude dirs and/or files: 
[5.351s] -- Added test 'lint_cmake' to check CMake code style
[5.383s] -- Added test 'uncrustify' to check C / C++ code style
[5.384s] -- Configured uncrustify additional arguments: 
[5.388s] -- Added test 'xmllint' to check XML markup files
[5.445s] -- Configuring done
[5.494s] -- Generating done
[5.504s] -- Build files have been written to: /home/arfan/belajar-ros2/testworkspace/build/learn1
[5.541s] Invoked command in '/home/arfan/belajar-ros2/testworkspace/build/learn1' returned '0': CMAKE_PREFIX_PATH=/opt/ros/foxy /usr/bin/cmake /home/arfan/belajar-ros2/testworkspace/src/learn1 -DCMAKE_INSTALL_PREFIX=/home/arfan/belajar-ros2/testworkspace/install/learn1
[5.553s] Invoking command in '/home/arfan/belajar-ros2/testworkspace/build/learn1': CMAKE_PREFIX_PATH=/opt/ros/foxy /usr/bin/cmake --build /home/arfan/belajar-ros2/testworkspace/build/learn1 -- -j2 -l2
[5.830s] [35m[1mScanning dependencies of target main[0m
[6.069s] [ 50%] [32mBuilding CXX object CMakeFiles/main.dir/src/main.cpp.o[0m
[17.580s] [100%] [32m[1mLinking CXX executable main[0m
[18.742s] [100%] Built target main
[18.822s] Invoked command in '/home/arfan/belajar-ros2/testworkspace/build/learn1' returned '0': CMAKE_PREFIX_PATH=/opt/ros/foxy /usr/bin/cmake --build /home/arfan/belajar-ros2/testworkspace/build/learn1 -- -j2 -l2
[19.224s] Invoking command in '/home/arfan/belajar-ros2/testworkspace/build/learn1': CMAKE_PREFIX_PATH=/opt/ros/foxy /usr/bin/cmake --install /home/arfan/belajar-ros2/testworkspace/build/learn1
[19.276s] -- Install configuration: ""
[19.278s] -- Installing: /home/arfan/belajar-ros2/testworkspace/install/learn1/lib/learn1/main
[19.281s] -- Set runtime path of "/home/arfan/belajar-ros2/testworkspace/install/learn1/lib/learn1/main" to ""
[19.283s] -- Installing: /home/arfan/belajar-ros2/testworkspace/install/learn1/share/ament_index/resource_index/package_run_dependencies/learn1
[19.285s] -- Installing: /home/arfan/belajar-ros2/testworkspace/install/learn1/share/ament_index/resource_index/parent_prefix_path/learn1
[19.287s] -- Installing: /home/arfan/belajar-ros2/testworkspace/install/learn1/share/learn1/environment/ament_prefix_path.sh
[19.289s] -- Installing: /home/arfan/belajar-ros2/testworkspace/install/learn1/share/learn1/environment/ament_prefix_path.dsv
[19.291s] -- Installing: /home/arfan/belajar-ros2/testworkspace/install/learn1/share/learn1/environment/path.sh
[19.292s] -- Installing: /home/arfan/belajar-ros2/testworkspace/install/learn1/share/learn1/environment/path.dsv
[19.294s] -- Installing: /home/arfan/belajar-ros2/testworkspace/install/learn1/share/learn1/local_setup.bash
[19.296s] -- Installing: /home/arfan/belajar-ros2/testworkspace/install/learn1/share/learn1/local_setup.sh
[19.298s] -- Installing: /home/arfan/belajar-ros2/testworkspace/install/learn1/share/learn1/local_setup.zsh
[19.300s] -- Installing: /home/arfan/belajar-ros2/testworkspace/install/learn1/share/learn1/local_setup.dsv
[19.301s] -- Installing: /home/arfan/belajar-ros2/testworkspace/install/learn1/share/learn1/package.dsv
[19.303s] -- Installing: /home/arfan/belajar-ros2/testworkspace/install/learn1/share/ament_index/resource_index/packages/learn1
[19.304s] -- Installing: /home/arfan/belajar-ros2/testworkspace/install/learn1/share/learn1/cmake/learn1Config.cmake
[19.308s] -- Installing: /home/arfan/belajar-ros2/testworkspace/install/learn1/share/learn1/cmake/learn1Config-version.cmake
[19.314s] -- Installing: /home/arfan/belajar-ros2/testworkspace/install/learn1/share/learn1/package.xml
[19.325s] Invoked command in '/home/arfan/belajar-ros2/testworkspace/build/learn1' returned '0': CMAKE_PREFIX_PATH=/opt/ros/foxy /usr/bin/cmake --install /home/arfan/belajar-ros2/testworkspace/build/learn1
