[0.149s] Invoking command in '/home/arfan/belajar-ros2/testworkspace/build/learn1': CMAKE_PREFIX_PATH=${CMAKE_PREFIX_PATH}:/opt/ros/foxy /usr/bin/cmake --build /home/arfan/belajar-ros2/testworkspace/build/learn1 -- -j2 -l2
[0.682s] -- Found ament_cmake: 0.9.11 (/opt/ros/foxy/share/ament_cmake/cmake)
[1.385s] -- Using PYTHON_EXECUTABLE: /usr/bin/python3
[3.903s] -- Found rclcpp: 2.4.2 (/opt/ros/foxy/share/rclcpp/cmake)
[4.133s] -- Using all available rosidl_typesupport_c: rosidl_typesupport_fastrtps_c;rosidl_typesupport_introspection_c
[4.156s] -- Found rosidl_adapter: 1.3.0 (/opt/ros/foxy/share/rosidl_adapter/cmake)
[4.924s] -- Using all available rosidl_typesupport_cpp: rosidl_typesupport_fastrtps_cpp;rosidl_typesupport_introspection_cpp
[5.306s] -- Found rmw_implementation_cmake: 1.0.3 (/opt/ros/foxy/share/rmw_implementation_cmake/cmake)
[5.325s] -- Using RMW implementation 'rmw_fastrtps_cpp' as default
[6.539s] -- Found tf2: 0.13.13 (/opt/ros/foxy/share/tf2/cmake)
[7.240s] -- Found tf2_ros: 0.13.13 (/opt/ros/foxy/share/tf2_ros/cmake)
[12.616s] -- Found ament_lint_auto: 0.9.7 (/opt/ros/foxy/share/ament_lint_auto/cmake)
[13.662s] -- Added test 'copyright' to check source files copyright and LICENSE
[13.680s] -- Added test 'cppcheck' to perform static code analysis on C / C++ code
[13.683s] -- Configured cppcheck include dirs: $<BUILD_INTERFACE:/home/arfan/belajar-ros2/testworkspace/src/learn1/include>
[13.684s] -- Configured cppcheck exclude dirs and/or files: 
[13.691s] -- Added test 'cpplint' to check C / C++ code against the Google style
[13.692s] -- Configured cpplint exclude dirs and/or files: 
[13.698s] -- Added test 'lint_cmake' to check CMake code style
[13.706s] -- Added test 'uncrustify' to check C / C++ code style
[13.707s] -- Configured uncrustify additional arguments: 
[13.711s] -- Added test 'xmllint' to check XML markup files
[13.729s] -- Configuring done
[13.980s] -- Generating done
[14.002s] -- Build files have been written to: /home/arfan/belajar-ros2/testworkspace/build/learn1
[14.489s] [35m[1mScanning dependencies of target main[0m
[15.766s] [ 50%] [32mBuilding CXX object CMakeFiles/main.dir/src/main.cpp.o[0m
[29.120s] [100%] [32m[1mLinking CXX executable main[0m
[30.668s] [100%] Built target main
[30.757s] Invoked command in '/home/arfan/belajar-ros2/testworkspace/build/learn1' returned '0': CMAKE_PREFIX_PATH=${CMAKE_PREFIX_PATH}:/opt/ros/foxy /usr/bin/cmake --build /home/arfan/belajar-ros2/testworkspace/build/learn1 -- -j2 -l2
[30.966s] Invoking command in '/home/arfan/belajar-ros2/testworkspace/build/learn1': CMAKE_PREFIX_PATH=${CMAKE_PREFIX_PATH}:/opt/ros/foxy /usr/bin/cmake --install /home/arfan/belajar-ros2/testworkspace/build/learn1
[31.019s] -- Install configuration: ""
[31.020s] -- Installing: /home/arfan/belajar-ros2/testworkspace/install/learn1/lib/learn1/main
[31.025s] -- Set runtime path of "/home/arfan/belajar-ros2/testworkspace/install/learn1/lib/learn1/main" to ""
[31.026s] -- Installing: /home/arfan/belajar-ros2/testworkspace/install/learn1/share/ament_index/resource_index/package_run_dependencies/learn1
[31.028s] -- Installing: /home/arfan/belajar-ros2/testworkspace/install/learn1/share/ament_index/resource_index/parent_prefix_path/learn1
[31.029s] -- Up-to-date: /home/arfan/belajar-ros2/testworkspace/install/learn1/share/learn1/environment/ament_prefix_path.sh
[31.031s] -- Installing: /home/arfan/belajar-ros2/testworkspace/install/learn1/share/learn1/environment/ament_prefix_path.dsv
[31.032s] -- Up-to-date: /home/arfan/belajar-ros2/testworkspace/install/learn1/share/learn1/environment/path.sh
[31.034s] -- Installing: /home/arfan/belajar-ros2/testworkspace/install/learn1/share/learn1/environment/path.dsv
[31.037s] -- Up-to-date: /home/arfan/belajar-ros2/testworkspace/install/learn1/share/learn1/local_setup.bash
[31.038s] -- Up-to-date: /home/arfan/belajar-ros2/testworkspace/install/learn1/share/learn1/local_setup.sh
[31.038s] -- Up-to-date: /home/arfan/belajar-ros2/testworkspace/install/learn1/share/learn1/local_setup.zsh
[31.042s] -- Installing: /home/arfan/belajar-ros2/testworkspace/install/learn1/share/learn1/local_setup.dsv
[31.044s] -- Installing: /home/arfan/belajar-ros2/testworkspace/install/learn1/share/learn1/package.dsv
[31.056s] -- Up-to-date: /home/arfan/belajar-ros2/testworkspace/install/learn1/share/ament_index/resource_index/packages/learn1
[31.058s] -- Up-to-date: /home/arfan/belajar-ros2/testworkspace/install/learn1/share/learn1/cmake/learn1Config.cmake
[31.059s] -- Up-to-date: /home/arfan/belajar-ros2/testworkspace/install/learn1/share/learn1/cmake/learn1Config-version.cmake
[31.061s] -- Installing: /home/arfan/belajar-ros2/testworkspace/install/learn1/share/learn1/package.xml
[31.062s] Invoked command in '/home/arfan/belajar-ros2/testworkspace/build/learn1' returned '0': CMAKE_PREFIX_PATH=${CMAKE_PREFIX_PATH}:/opt/ros/foxy /usr/bin/cmake --install /home/arfan/belajar-ros2/testworkspace/build/learn1
