[0.356s] Invoking command in '/home/arfan/belajar-ros2/testworkspace/build/myrvis': CMAKE_PREFIX_PATH=${CMAKE_PREFIX_PATH}:/opt/ros/foxy /usr/bin/cmake --build /home/arfan/belajar-ros2/testworkspace/build/myrvis -- -j2 -l2
[1.287s] [100%] Built target myrvis
[1.475s] Invoked command in '/home/arfan/belajar-ros2/testworkspace/build/myrvis' returned '0': CMAKE_PREFIX_PATH=${CMAKE_PREFIX_PATH}:/opt/ros/foxy /usr/bin/cmake --build /home/arfan/belajar-ros2/testworkspace/build/myrvis -- -j2 -l2
[2.410s] Invoking command in '/home/arfan/belajar-ros2/testworkspace/build/myrvis': CMAKE_PREFIX_PATH=${CMAKE_PREFIX_PATH}:/opt/ros/foxy /usr/bin/cmake --install /home/arfan/belajar-ros2/testworkspace/build/myrvis
[2.618s] -- Install configuration: ""
[2.646s] -- Up-to-date: /home/arfan/belajar-ros2/testworkspace/install/myrvis/lib/myrvis/myrvis
[2.652s] -- Up-to-date: /home/arfan/belajar-ros2/testworkspace/install/myrvis/share/ament_index/resource_index/package_run_dependencies/myrvis
[2.655s] -- Up-to-date: /home/arfan/belajar-ros2/testworkspace/install/myrvis/share/ament_index/resource_index/parent_prefix_path/myrvis
[2.661s] -- Up-to-date: /home/arfan/belajar-ros2/testworkspace/install/myrvis/share/myrvis/environment/ament_prefix_path.sh
[2.671s] -- Up-to-date: /home/arfan/belajar-ros2/testworkspace/install/myrvis/share/myrvis/environment/ament_prefix_path.dsv
[2.681s] -- Up-to-date: /home/arfan/belajar-ros2/testworkspace/install/myrvis/share/myrvis/environment/path.sh
[2.699s] -- Up-to-date: /home/arfan/belajar-ros2/testworkspace/install/myrvis/share/myrvis/environment/path.dsv
[2.700s] -- Up-to-date: /home/arfan/belajar-ros2/testworkspace/install/myrvis/share/myrvis/local_setup.bash
[2.703s] -- Up-to-date: /home/arfan/belajar-ros2/testworkspace/install/myrvis/share/myrvis/local_setup.sh
[2.703s] -- Up-to-date: /home/arfan/belajar-ros2/testworkspace/install/myrvis/share/myrvis/local_setup.zsh
[2.708s] -- Up-to-date: /home/arfan/belajar-ros2/testworkspace/install/myrvis/share/myrvis/local_setup.dsv
[2.712s] -- Installing: /home/arfan/belajar-ros2/testworkspace/install/myrvis/share/myrvis/package.dsv
[2.715s] -- Up-to-date: /home/arfan/belajar-ros2/testworkspace/install/myrvis/share/ament_index/resource_index/packages/myrvis
[2.727s] -- Up-to-date: /home/arfan/belajar-ros2/testworkspace/install/myrvis/share/myrvis/cmake/myrvisConfig.cmake
[2.728s] -- Up-to-date: /home/arfan/belajar-ros2/testworkspace/install/myrvis/share/myrvis/cmake/myrvisConfig-version.cmake
[2.757s] -- Up-to-date: /home/arfan/belajar-ros2/testworkspace/install/myrvis/share/myrvis/package.xml
[2.760s] Invoked command in '/home/arfan/belajar-ros2/testworkspace/build/myrvis' returned '0': CMAKE_PREFIX_PATH=${CMAKE_PREFIX_PATH}:/opt/ros/foxy /usr/bin/cmake --install /home/arfan/belajar-ros2/testworkspace/build/myrvis
