[0.351s] Invoking command in '/home/arfan/belajar-ros2/testworkspace/build/learn1': CMAKE_PREFIX_PATH=${CMAKE_PREFIX_PATH}:/opt/ros/foxy /usr/bin/cmake --build /home/arfan/belajar-ros2/testworkspace/build/learn1 -- -j2 -l2
[1.052s] -- Found ament_cmake: 0.9.11 (/opt/ros/foxy/share/ament_cmake/cmake)
[1.722s] -- Using PYTHON_EXECUTABLE: /usr/bin/python3
[6.187s] -- Found rclcpp: 2.4.2 (/opt/ros/foxy/share/rclcpp/cmake)
[6.822s] -- Using all available rosidl_typesupport_c: rosidl_typesupport_fastrtps_c;rosidl_typesupport_introspection_c
[6.879s] -- Found rosidl_adapter: 1.3.0 (/opt/ros/foxy/share/rosidl_adapter/cmake)
[8.122s] -- Using all available rosidl_typesupport_cpp: rosidl_typesupport_fastrtps_cpp;rosidl_typesupport_introspection_cpp
[8.544s] -- Found rmw_implementation_cmake: 1.0.3 (/opt/ros/foxy/share/rmw_implementation_cmake/cmake)
[8.555s] -- Using RMW implementation 'rmw_fastrtps_cpp' as default
[10.032s] -- Found tf2: 0.13.13 (/opt/ros/foxy/share/tf2/cmake)
[10.508s] -- Found tf2_ros: 0.13.13 (/opt/ros/foxy/share/tf2_ros/cmake)
[13.955s] -- Found visualization_msgs: 2.0.5 (/opt/ros/foxy/share/visualization_msgs/cmake)
[14.596s] -- Found ament_lint_auto: 0.9.7 (/opt/ros/foxy/share/ament_lint_auto/cmake)
[15.213s] -- Added test 'copyright' to check source files copyright and LICENSE
[15.220s] -- Added test 'cppcheck' to perform static code analysis on C / C++ code
[15.221s] -- Configured cppcheck include dirs: $<BUILD_INTERFACE:/home/arfan/belajar-ros2/testworkspace/src/learn1/include>
[15.222s] -- Configured cppcheck exclude dirs and/or files: 
[15.228s] -- Added test 'cpplint' to check C / C++ code against the Google style
[15.233s] -- Configured cpplint exclude dirs and/or files: 
[15.235s] -- Added test 'lint_cmake' to check CMake code style
[15.239s] -- Added test 'uncrustify' to check C / C++ code style
[15.241s] -- Configured uncrustify additional arguments: 
[15.242s] -- Added test 'xmllint' to check XML markup files
[15.292s] -- Configuring done
[15.458s] -- Generating done
[15.473s] -- Build files have been written to: /home/arfan/belajar-ros2/testworkspace/build/learn1
[15.666s] [35m[1mScanning dependencies of target main[0m
[15.950s] [ 50%] [32mBuilding CXX object CMakeFiles/main.dir/src/main.cpp.o[0m
[40.573s] [100%] [32m[1mLinking CXX executable main[0m
[42.788s] [100%] Built target main
[42.857s] Invoked command in '/home/arfan/belajar-ros2/testworkspace/build/learn1' returned '0': CMAKE_PREFIX_PATH=${CMAKE_PREFIX_PATH}:/opt/ros/foxy /usr/bin/cmake --build /home/arfan/belajar-ros2/testworkspace/build/learn1 -- -j2 -l2
[43.008s] Invoking command in '/home/arfan/belajar-ros2/testworkspace/build/learn1': CMAKE_PREFIX_PATH=${CMAKE_PREFIX_PATH}:/opt/ros/foxy /usr/bin/cmake --install /home/arfan/belajar-ros2/testworkspace/build/learn1
[43.074s] -- Install configuration: ""
[43.078s] -- Installing: /home/arfan/belajar-ros2/testworkspace/install/learn1/lib/learn1/main
[43.086s] -- Set runtime path of "/home/arfan/belajar-ros2/testworkspace/install/learn1/lib/learn1/main" to ""
[43.087s] -- Installing: /home/arfan/belajar-ros2/testworkspace/install/learn1/share/ament_index/resource_index/package_run_dependencies/learn1
[43.100s] -- Installing: /home/arfan/belajar-ros2/testworkspace/install/learn1/share/ament_index/resource_index/parent_prefix_path/learn1
[43.101s] -- Up-to-date: /home/arfan/belajar-ros2/testworkspace/install/learn1/share/learn1/environment/ament_prefix_path.sh
[43.102s] -- Installing: /home/arfan/belajar-ros2/testworkspace/install/learn1/share/learn1/environment/ament_prefix_path.dsv
[43.103s] -- Up-to-date: /home/arfan/belajar-ros2/testworkspace/install/learn1/share/learn1/environment/path.sh
[43.104s] -- Installing: /home/arfan/belajar-ros2/testworkspace/install/learn1/share/learn1/environment/path.dsv
[43.116s] -- Up-to-date: /home/arfan/belajar-ros2/testworkspace/install/learn1/share/learn1/local_setup.bash
[43.124s] -- Up-to-date: /home/arfan/belajar-ros2/testworkspace/install/learn1/share/learn1/local_setup.sh
[43.126s] -- Up-to-date: /home/arfan/belajar-ros2/testworkspace/install/learn1/share/learn1/local_setup.zsh
[43.143s] -- Installing: /home/arfan/belajar-ros2/testworkspace/install/learn1/share/learn1/local_setup.dsv
[43.146s] -- Installing: /home/arfan/belajar-ros2/testworkspace/install/learn1/share/learn1/package.dsv
[43.156s] -- Up-to-date: /home/arfan/belajar-ros2/testworkspace/install/learn1/share/ament_index/resource_index/packages/learn1
[43.160s] -- Up-to-date: /home/arfan/belajar-ros2/testworkspace/install/learn1/share/learn1/cmake/learn1Config.cmake
[43.161s] -- Up-to-date: /home/arfan/belajar-ros2/testworkspace/install/learn1/share/learn1/cmake/learn1Config-version.cmake
[43.162s] -- Installing: /home/arfan/belajar-ros2/testworkspace/install/learn1/share/learn1/package.xml
[43.163s] Invoked command in '/home/arfan/belajar-ros2/testworkspace/build/learn1' returned '0': CMAKE_PREFIX_PATH=${CMAKE_PREFIX_PATH}:/opt/ros/foxy /usr/bin/cmake --install /home/arfan/belajar-ros2/testworkspace/build/learn1
