[0.234s] Invoking command in '/home/arfan/belajar-ros2/testworkspace/build/myrvis': CMAKE_PREFIX_PATH=${CMAKE_PREFIX_PATH}:/opt/ros/foxy /usr/bin/cmake --build /home/arfan/belajar-ros2/testworkspace/build/myrvis -- -j2 -l2
[1.053s] [100%] Built target myrvis
[1.249s] Invoked command in '/home/arfan/belajar-ros2/testworkspace/build/myrvis' returned '0': CMAKE_PREFIX_PATH=${CMAKE_PREFIX_PATH}:/opt/ros/foxy /usr/bin/cmake --build /home/arfan/belajar-ros2/testworkspace/build/myrvis -- -j2 -l2
[2.076s] Invoking command in '/home/arfan/belajar-ros2/testworkspace/build/myrvis': CMAKE_PREFIX_PATH=${CMAKE_PREFIX_PATH}:/opt/ros/foxy /usr/bin/cmake --install /home/arfan/belajar-ros2/testworkspace/build/myrvis
[2.156s] -- Install configuration: ""
[2.165s] -- Up-to-date: /home/arfan/belajar-ros2/testworkspace/install/myrvis/lib/myrvis/myrvis
[2.169s] -- Up-to-date: /home/arfan/belajar-ros2/testworkspace/install/myrvis/share/ament_index/resource_index/package_run_dependencies/myrvis
[2.171s] -- Up-to-date: /home/arfan/belajar-ros2/testworkspace/install/myrvis/share/ament_index/resource_index/parent_prefix_path/myrvis
[2.173s] -- Up-to-date: /home/arfan/belajar-ros2/testworkspace/install/myrvis/share/myrvis/environment/ament_prefix_path.sh
[2.175s] -- Up-to-date: /home/arfan/belajar-ros2/testworkspace/install/myrvis/share/myrvis/environment/ament_prefix_path.dsv
[2.177s] -- Up-to-date: /home/arfan/belajar-ros2/testworkspace/install/myrvis/share/myrvis/environment/path.sh
[2.182s] -- Up-to-date: /home/arfan/belajar-ros2/testworkspace/install/myrvis/share/myrvis/environment/path.dsv
[2.184s] -- Up-to-date: /home/arfan/belajar-ros2/testworkspace/install/myrvis/share/myrvis/local_setup.bash
[2.186s] -- Up-to-date: /home/arfan/belajar-ros2/testworkspace/install/myrvis/share/myrvis/local_setup.sh
[2.188s] -- Up-to-date: /home/arfan/belajar-ros2/testworkspace/install/myrvis/share/myrvis/local_setup.zsh
[2.193s] -- Up-to-date: /home/arfan/belajar-ros2/testworkspace/install/myrvis/share/myrvis/local_setup.dsv
[2.195s] -- Installing: /home/arfan/belajar-ros2/testworkspace/install/myrvis/share/myrvis/package.dsv
[2.197s] -- Up-to-date: /home/arfan/belajar-ros2/testworkspace/install/myrvis/share/ament_index/resource_index/packages/myrvis
[2.204s] -- Up-to-date: /home/arfan/belajar-ros2/testworkspace/install/myrvis/share/myrvis/cmake/myrvisConfig.cmake
[2.206s] -- Up-to-date: /home/arfan/belajar-ros2/testworkspace/install/myrvis/share/myrvis/cmake/myrvisConfig-version.cmake
[2.228s] -- Up-to-date: /home/arfan/belajar-ros2/testworkspace/install/myrvis/share/myrvis/package.xml
[2.253s] Invoked command in '/home/arfan/belajar-ros2/testworkspace/build/myrvis' returned '0': CMAKE_PREFIX_PATH=${CMAKE_PREFIX_PATH}:/opt/ros/foxy /usr/bin/cmake --install /home/arfan/belajar-ros2/testworkspace/build/myrvis
