[0.161s] Invoking command in '/home/arfan/belajar-ros2/testworkspace/build/myrvis': CMAKE_PREFIX_PATH=${CMAKE_PREFIX_PATH}:/opt/ros/foxy /usr/bin/cmake /home/arfan/belajar-ros2/testworkspace/src/myrvis -DCMAKE_INSTALL_PREFIX=/home/arfan/belajar-ros2/testworkspace/install/myrvis
[1.503s] -- The C compiler identification is GNU 9.4.0
[2.381s] -- The CXX compiler identification is GNU 9.4.0
[2.521s] -- Check for working C compiler: /usr/bin/cc
[3.471s] -- Check for working C compiler: /usr/bin/cc -- works
[3.543s] -- Detecting C compiler ABI info
[4.367s] -- Detecting C compiler ABI info - done
[4.460s] -- Detecting C compile features
[4.511s] -- Detecting C compile features - done
[4.549s] -- Check for working CXX compiler: /usr/bin/c++
[5.514s] -- Check for working CXX compiler: /usr/bin/c++ -- works
[5.524s] -- Detecting CXX compiler ABI info
[6.599s] -- Detecting CXX compiler ABI info - done
[7.098s] -- Detecting CXX compile features
[7.122s] -- Detecting CXX compile features - done
[7.205s] -- Found ament_cmake: 0.9.11 (/opt/ros/foxy/share/ament_cmake/cmake)
[7.835s] -- Found PythonInterp: /usr/bin/python3 (found suitable version "3.8.10", minimum required is "3") 
[7.838s] -- Using PYTHON_EXECUTABLE: /usr/bin/python3
[14.749s] -- Found rclcpp: 2.4.2 (/opt/ros/foxy/share/rclcpp/cmake)
[15.972s] -- Using all available rosidl_typesupport_c: rosidl_typesupport_fastrtps_c;rosidl_typesupport_introspection_c
[16.312s] -- Found rosidl_adapter: 1.3.0 (/opt/ros/foxy/share/rosidl_adapter/cmake)
[18.165s] -- Found OpenSSL: /usr/lib/x86_64-linux-gnu/libcrypto.so (found version "1.1.1f")  
[18.861s] -- Found FastRTPS: /opt/ros/foxy/include  
[21.505s] -- Using all available rosidl_typesupport_cpp: rosidl_typesupport_fastrtps_cpp;rosidl_typesupport_introspection_cpp
[24.175s] -- Found rmw_implementation_cmake: 1.0.3 (/opt/ros/foxy/share/rmw_implementation_cmake/cmake)
[24.256s] -- Using RMW implementation 'rmw_fastrtps_cpp' as default
[24.304s] -- Looking for pthread.h
[27.807s] -- Looking for pthread.h - found
[27.812s] -- Performing Test CMAKE_HAVE_LIBC_PTHREAD
[31.205s] -- Performing Test CMAKE_HAVE_LIBC_PTHREAD - Failed
[31.207s] -- Looking for pthread_create in pthreads
[34.091s] -- Looking for pthread_create in pthreads - not found
[34.100s] -- Looking for pthread_create in pthread
[37.510s] -- Looking for pthread_create in pthread - found
[37.541s] -- Found Threads: TRUE  
[45.376s] -- Found ament_lint_auto: 0.9.7 (/opt/ros/foxy/share/ament_lint_auto/cmake)
[48.569s] -- Added test 'copyright' to check source files copyright and LICENSE
[48.608s] -- Added test 'cppcheck' to perform static code analysis on C / C++ code
[48.622s] -- Configured cppcheck include dirs: $<BUILD_INTERFACE:/home/arfan/belajar-ros2/testworkspace/src/myrvis/include>
[48.623s] -- Configured cppcheck exclude dirs and/or files: 
[48.676s] -- Added test 'cpplint' to check C / C++ code against the Google style
[48.683s] -- Configured cpplint exclude dirs and/or files: 
[48.721s] -- Added test 'lint_cmake' to check CMake code style
[48.743s] -- Added test 'uncrustify' to check C / C++ code style
[48.747s] -- Configured uncrustify additional arguments: 
[48.789s] -- Added test 'xmllint' to check XML markup files
[48.888s] -- Configuring done
[49.212s] -- Generating done
[49.300s] -- Build files have been written to: /home/arfan/belajar-ros2/testworkspace/build/myrvis
[49.520s] Invoked command in '/home/arfan/belajar-ros2/testworkspace/build/myrvis' returned '0': CMAKE_PREFIX_PATH=${CMAKE_PREFIX_PATH}:/opt/ros/foxy /usr/bin/cmake /home/arfan/belajar-ros2/testworkspace/src/myrvis -DCMAKE_INSTALL_PREFIX=/home/arfan/belajar-ros2/testworkspace/install/myrvis
[49.581s] Invoking command in '/home/arfan/belajar-ros2/testworkspace/build/myrvis': CMAKE_PREFIX_PATH=${CMAKE_PREFIX_PATH}:/opt/ros/foxy /usr/bin/cmake --build /home/arfan/belajar-ros2/testworkspace/build/myrvis -- -j2 -l2
[51.283s] [35m[1mScanning dependencies of target myrvis[0m
[51.580s] [ 50%] [32mBuilding CXX object CMakeFiles/myrvis.dir/src/myrvis.cpp.o[0m
[52.232s] [100%] [32m[1mLinking CXX executable myrvis[0m
[53.069s] [100%] Built target myrvis
[53.239s] Invoked command in '/home/arfan/belajar-ros2/testworkspace/build/myrvis' returned '0': CMAKE_PREFIX_PATH=${CMAKE_PREFIX_PATH}:/opt/ros/foxy /usr/bin/cmake --build /home/arfan/belajar-ros2/testworkspace/build/myrvis -- -j2 -l2
[53.845s] Invoking command in '/home/arfan/belajar-ros2/testworkspace/build/myrvis': CMAKE_PREFIX_PATH=${CMAKE_PREFIX_PATH}:/opt/ros/foxy /usr/bin/cmake --install /home/arfan/belajar-ros2/testworkspace/build/myrvis
[54.066s] -- Install configuration: ""
[54.070s] -- Installing: /home/arfan/belajar-ros2/testworkspace/install/myrvis/lib/myrvis/myrvis
[54.077s] -- Set runtime path of "/home/arfan/belajar-ros2/testworkspace/install/myrvis/lib/myrvis/myrvis" to ""
[54.080s] -- Installing: /home/arfan/belajar-ros2/testworkspace/install/myrvis/share/ament_index/resource_index/package_run_dependencies/myrvis
[54.092s] -- Installing: /home/arfan/belajar-ros2/testworkspace/install/myrvis/share/ament_index/resource_index/parent_prefix_path/myrvis
[54.096s] -- Installing: /home/arfan/belajar-ros2/testworkspace/install/myrvis/share/myrvis/environment/ament_prefix_path.sh
[54.100s] -- Installing: /home/arfan/belajar-ros2/testworkspace/install/myrvis/share/myrvis/environment/ament_prefix_path.dsv
[54.103s] -- Installing: /home/arfan/belajar-ros2/testworkspace/install/myrvis/share/myrvis/environment/path.sh
[54.107s] -- Installing: /home/arfan/belajar-ros2/testworkspace/install/myrvis/share/myrvis/environment/path.dsv
[54.113s] -- Installing: /home/arfan/belajar-ros2/testworkspace/install/myrvis/share/myrvis/local_setup.bash
[54.126s] -- Installing: /home/arfan/belajar-ros2/testworkspace/install/myrvis/share/myrvis/local_setup.sh
[54.135s] -- Installing: /home/arfan/belajar-ros2/testworkspace/install/myrvis/share/myrvis/local_setup.zsh
[54.141s] -- Installing: /home/arfan/belajar-ros2/testworkspace/install/myrvis/share/myrvis/local_setup.dsv
[54.147s] -- Installing: /home/arfan/belajar-ros2/testworkspace/install/myrvis/share/myrvis/package.dsv
[54.159s] -- Installing: /home/arfan/belajar-ros2/testworkspace/install/myrvis/share/ament_index/resource_index/packages/myrvis
[54.170s] -- Installing: /home/arfan/belajar-ros2/testworkspace/install/myrvis/share/myrvis/cmake/myrvisConfig.cmake
[54.175s] -- Installing: /home/arfan/belajar-ros2/testworkspace/install/myrvis/share/myrvis/cmake/myrvisConfig-version.cmake
[54.179s] -- Installing: /home/arfan/belajar-ros2/testworkspace/install/myrvis/share/myrvis/package.xml
[54.199s] Invoked command in '/home/arfan/belajar-ros2/testworkspace/build/myrvis' returned '0': CMAKE_PREFIX_PATH=${CMAKE_PREFIX_PATH}:/opt/ros/foxy /usr/bin/cmake --install /home/arfan/belajar-ros2/testworkspace/build/myrvis
