[0.248s] Invoking command in '/home/arfan/belajar-ros2/testworkspace/build/learn1': CMAKE_PREFIX_PATH=${CMAKE_PREFIX_PATH}:/opt/ros/foxy /usr/bin/cmake --build /home/arfan/belajar-ros2/testworkspace/build/learn1 -- -j2 -l2
[0.831s] [35m[1mScanning dependencies of target main[0m
[1.668s] [ 50%] [32mBuilding CXX object CMakeFiles/main.dir/src/main.cpp.o[0m
[25.837s] [100%] [32m[1mLinking CXX executable main[0m
[27.836s] [100%] Built target main
[27.903s] Invoked command in '/home/arfan/belajar-ros2/testworkspace/build/learn1' returned '0': CMAKE_PREFIX_PATH=${CMAKE_PREFIX_PATH}:/opt/ros/foxy /usr/bin/cmake --build /home/arfan/belajar-ros2/testworkspace/build/learn1 -- -j2 -l2
[28.073s] Invoking command in '/home/arfan/belajar-ros2/testworkspace/build/learn1': CMAKE_PREFIX_PATH=${CMAKE_PREFIX_PATH}:/opt/ros/foxy /usr/bin/cmake --install /home/arfan/belajar-ros2/testworkspace/build/learn1
[28.121s] -- Install configuration: ""
[28.123s] -- Installing: /home/arfan/belajar-ros2/testworkspace/install/learn1/lib/learn1/main
[28.134s] -- Set runtime path of "/home/arfan/belajar-ros2/testworkspace/install/learn1/lib/learn1/main" to ""
[28.137s] -- Up-to-date: /home/arfan/belajar-ros2/testworkspace/install/learn1/share/ament_index/resource_index/package_run_dependencies/learn1
[28.140s] -- Up-to-date: /home/arfan/belajar-ros2/testworkspace/install/learn1/share/ament_index/resource_index/parent_prefix_path/learn1
[28.140s] -- Up-to-date: /home/arfan/belajar-ros2/testworkspace/install/learn1/share/learn1/environment/ament_prefix_path.sh
[28.141s] -- Up-to-date: /home/arfan/belajar-ros2/testworkspace/install/learn1/share/learn1/environment/ament_prefix_path.dsv
[28.142s] -- Up-to-date: /home/arfan/belajar-ros2/testworkspace/install/learn1/share/learn1/environment/path.sh
[28.142s] -- Up-to-date: /home/arfan/belajar-ros2/testworkspace/install/learn1/share/learn1/environment/path.dsv
[28.164s] -- Up-to-date: /home/arfan/belajar-ros2/testworkspace/install/learn1/share/learn1/local_setup.bash
[28.172s] -- Up-to-date: /home/arfan/belajar-ros2/testworkspace/install/learn1/share/learn1/local_setup.sh
[28.175s] -- Up-to-date: /home/arfan/belajar-ros2/testworkspace/install/learn1/share/learn1/local_setup.zsh
[28.178s] -- Up-to-date: /home/arfan/belajar-ros2/testworkspace/install/learn1/share/learn1/local_setup.dsv
[28.182s] -- Installing: /home/arfan/belajar-ros2/testworkspace/install/learn1/share/learn1/package.dsv
[28.184s] -- Up-to-date: /home/arfan/belajar-ros2/testworkspace/install/learn1/share/ament_index/resource_index/packages/learn1
[28.186s] -- Up-to-date: /home/arfan/belajar-ros2/testworkspace/install/learn1/share/learn1/cmake/learn1Config.cmake
[28.208s] -- Up-to-date: /home/arfan/belajar-ros2/testworkspace/install/learn1/share/learn1/cmake/learn1Config-version.cmake
[28.210s] -- Up-to-date: /home/arfan/belajar-ros2/testworkspace/install/learn1/share/learn1/package.xml
[28.213s] Invoked command in '/home/arfan/belajar-ros2/testworkspace/build/learn1' returned '0': CMAKE_PREFIX_PATH=${CMAKE_PREFIX_PATH}:/opt/ros/foxy /usr/bin/cmake --install /home/arfan/belajar-ros2/testworkspace/build/learn1
