[1.507s] DEBUG:colcon:Command line arguments: ['/usr/bin/colcon', 'build']
[1.508s] DEBUG:colcon:Parsed command line arguments: Namespace(allow_overriding=[], ament_cmake_args=None, base_paths=['.'], build_base='build', catkin_cmake_args=None, catkin_skip_building_tests=False, cmake_args=None, cmake_clean_cache=False, cmake_clean_first=False, cmake_force_configure=False, cmake_target=None, cmake_target_skip_unavailable=False, continue_on_error=False, event_handlers=None, executor='parallel', ignore_user_meta=False, install_base='install', log_base=None, log_level=None, main=<bound method BuildVerb.main of <colcon_core.verb.build.BuildVerb object at 0x7faa7d058040>>, merge_install=False, metas=['./colcon.meta'], packages_above=None, packages_above_and_dependencies=None, packages_above_depth=None, packages_end=None, packages_ignore=None, packages_ignore_regex=None, packages_select=None, packages_select_build_failed=False, packages_select_by_dep=None, packages_select_regex=None, packages_select_test_failures=False, packages_skip=None, packages_skip_build_finished=False, packages_skip_by_dep=None, packages_skip_regex=None, packages_skip_test_passed=False, packages_skip_up_to=None, packages_start=None, packages_up_to=None, packages_up_to_regex=None, parallel_workers=2, paths=None, symlink_install=False, test_result_base=None, verb_extension=<colcon_core.verb.build.BuildVerb object at 0x7faa7d058040>, verb_name='build', verb_parser=<colcon_defaults.argument_parser.defaults.DefaultArgumentsDecorator object at 0x7faa7d0585b0>)
[1.742s] Level 1:colcon.colcon_core.package_discovery:discover_packages(colcon_meta) check parameters
[1.743s] Level 1:colcon.colcon_core.package_discovery:discover_packages(recursive) check parameters
[1.743s] Level 1:colcon.colcon_core.package_discovery:discover_packages(ignore) check parameters
[1.744s] Level 1:colcon.colcon_core.package_discovery:discover_packages(path) check parameters
[1.744s] Level 1:colcon.colcon_core.package_discovery:discover_packages(colcon_meta) discover
[1.746s] Level 1:colcon.colcon_core.package_discovery:discover_packages(recursive) discover
[1.746s] INFO:colcon.colcon_core.package_discovery:Crawling recursively for packages in '/home/arfan/belajar-ros2/testworkspace'
[1.747s] Level 1:colcon.colcon_core.package_identification:_identify(.) by extensions ['ignore', 'ignore_ament_install']
[1.762s] Level 1:colcon.colcon_core.package_identification:_identify(.) by extension 'ignore'
[1.765s] Level 1:colcon.colcon_core.package_identification:_identify(.) by extension 'ignore_ament_install'
[1.766s] Level 1:colcon.colcon_core.package_identification:_identify(.) by extensions ['colcon_pkg']
[1.767s] Level 1:colcon.colcon_core.package_identification:_identify(.) by extension 'colcon_pkg'
[1.771s] Level 1:colcon.colcon_core.package_identification:_identify(.) by extensions ['colcon_meta']
[1.771s] Level 1:colcon.colcon_core.package_identification:_identify(.) by extension 'colcon_meta'
[1.772s] Level 1:colcon.colcon_core.package_identification:_identify(.) by extensions ['ros']
[1.772s] Level 1:colcon.colcon_core.package_identification:_identify(.) by extension 'ros'
[1.902s] Level 1:colcon.colcon_core.package_identification:_identify(.) by extensions ['cmake', 'python']
[1.902s] Level 1:colcon.colcon_core.package_identification:_identify(.) by extension 'cmake'
[1.902s] Level 1:colcon.colcon_core.package_identification:_identify(.) by extension 'python'
[1.903s] Level 1:colcon.colcon_core.package_identification:_identify(.) by extensions ['python_setup_py']
[1.904s] Level 1:colcon.colcon_core.package_identification:_identify(.) by extension 'python_setup_py'
[1.905s] Level 1:colcon.colcon_core.package_identification:_identify(build) by extensions ['ignore', 'ignore_ament_install']
[1.906s] Level 1:colcon.colcon_core.package_identification:_identify(build) by extension 'ignore'
[1.906s] Level 1:colcon.colcon_core.package_identification:_identify(build) ignored
[1.907s] Level 1:colcon.colcon_core.package_identification:_identify(install) by extensions ['ignore', 'ignore_ament_install']
[1.908s] Level 1:colcon.colcon_core.package_identification:_identify(install) by extension 'ignore'
[1.909s] Level 1:colcon.colcon_core.package_identification:_identify(install) ignored
[1.910s] Level 1:colcon.colcon_core.package_identification:_identify(log) by extensions ['ignore', 'ignore_ament_install']
[1.910s] Level 1:colcon.colcon_core.package_identification:_identify(log) by extension 'ignore'
[1.911s] Level 1:colcon.colcon_core.package_identification:_identify(log) ignored
[1.913s] Level 1:colcon.colcon_core.package_identification:_identify(src) by extensions ['ignore', 'ignore_ament_install']
[1.914s] Level 1:colcon.colcon_core.package_identification:_identify(src) by extension 'ignore'
[1.918s] Level 1:colcon.colcon_core.package_identification:_identify(src) by extension 'ignore_ament_install'
[1.920s] Level 1:colcon.colcon_core.package_identification:_identify(src) by extensions ['colcon_pkg']
[1.920s] Level 1:colcon.colcon_core.package_identification:_identify(src) by extension 'colcon_pkg'
[1.920s] Level 1:colcon.colcon_core.package_identification:_identify(src) by extensions ['colcon_meta']
[1.921s] Level 1:colcon.colcon_core.package_identification:_identify(src) by extension 'colcon_meta'
[1.921s] Level 1:colcon.colcon_core.package_identification:_identify(src) by extensions ['ros']
[1.922s] Level 1:colcon.colcon_core.package_identification:_identify(src) by extension 'ros'
[1.922s] Level 1:colcon.colcon_core.package_identification:_identify(src) by extensions ['cmake', 'python']
[1.923s] Level 1:colcon.colcon_core.package_identification:_identify(src) by extension 'cmake'
[1.923s] Level 1:colcon.colcon_core.package_identification:_identify(src) by extension 'python'
[1.923s] Level 1:colcon.colcon_core.package_identification:_identify(src) by extensions ['python_setup_py']
[1.924s] Level 1:colcon.colcon_core.package_identification:_identify(src) by extension 'python_setup_py'
[1.925s] Level 1:colcon.colcon_core.package_identification:_identify(src/learn1) by extensions ['ignore', 'ignore_ament_install']
[1.925s] Level 1:colcon.colcon_core.package_identification:_identify(src/learn1) by extension 'ignore'
[1.926s] Level 1:colcon.colcon_core.package_identification:_identify(src/learn1) by extension 'ignore_ament_install'
[1.926s] Level 1:colcon.colcon_core.package_identification:_identify(src/learn1) by extensions ['colcon_pkg']
[1.927s] Level 1:colcon.colcon_core.package_identification:_identify(src/learn1) by extension 'colcon_pkg'
[1.928s] Level 1:colcon.colcon_core.package_identification:_identify(src/learn1) by extensions ['colcon_meta']
[1.929s] Level 1:colcon.colcon_core.package_identification:_identify(src/learn1) by extension 'colcon_meta'
[1.929s] Level 1:colcon.colcon_core.package_identification:_identify(src/learn1) by extensions ['ros']
[1.930s] Level 1:colcon.colcon_core.package_identification:_identify(src/learn1) by extension 'ros'
[1.955s] DEBUG:colcon.colcon_core.package_identification:Package 'src/learn1' with type 'ros.ament_cmake' and name 'learn1'
[1.956s] Level 1:colcon.colcon_core.package_identification:_identify(src/myrvis) by extensions ['ignore', 'ignore_ament_install']
[1.957s] Level 1:colcon.colcon_core.package_identification:_identify(src/myrvis) by extension 'ignore'
[1.958s] Level 1:colcon.colcon_core.package_identification:_identify(src/myrvis) by extension 'ignore_ament_install'
[1.958s] Level 1:colcon.colcon_core.package_identification:_identify(src/myrvis) by extensions ['colcon_pkg']
[1.959s] Level 1:colcon.colcon_core.package_identification:_identify(src/myrvis) by extension 'colcon_pkg'
[1.959s] Level 1:colcon.colcon_core.package_identification:_identify(src/myrvis) by extensions ['colcon_meta']
[1.959s] Level 1:colcon.colcon_core.package_identification:_identify(src/myrvis) by extension 'colcon_meta'
[1.960s] Level 1:colcon.colcon_core.package_identification:_identify(src/myrvis) by extensions ['ros']
[1.960s] Level 1:colcon.colcon_core.package_identification:_identify(src/myrvis) by extension 'ros'
[1.977s] DEBUG:colcon.colcon_core.package_identification:Package 'src/myrvis' with type 'ros.ament_cmake' and name 'myrvis'
[1.982s] Level 1:colcon.colcon_core.package_discovery:discover_packages(recursive) using defaults
[1.983s] Level 1:colcon.colcon_core.package_discovery:discover_packages(ignore) discover
[1.983s] Level 1:colcon.colcon_core.package_discovery:discover_packages(ignore) using defaults
[1.983s] Level 1:colcon.colcon_core.package_discovery:discover_packages(path) discover
[1.984s] Level 1:colcon.colcon_core.package_discovery:discover_packages(path) using defaults
[2.494s] Level 1:colcon.colcon_core.package_discovery:discover_packages(prefix_path) check parameters
[2.496s] Level 1:colcon.colcon_core.package_discovery:discover_packages(prefix_path) discover
[2.541s] DEBUG:colcon.colcon_installed_package_information.package_discovery:Found 2 installed packages in /home/arfan/belajar-ros2/testworkspace/install
[2.558s] DEBUG:colcon.colcon_installed_package_information.package_discovery:Found 257 installed packages in /opt/ros/foxy
[2.573s] Level 1:colcon.colcon_core.package_discovery:discover_packages(prefix_path) using defaults
[3.327s] Level 5:colcon.colcon_core.verb:set package 'learn1' build argument 'cmake_args' from command line to 'None'
[3.328s] Level 5:colcon.colcon_core.verb:set package 'learn1' build argument 'cmake_target' from command line to 'None'
[3.329s] Level 5:colcon.colcon_core.verb:set package 'learn1' build argument 'cmake_target_skip_unavailable' from command line to 'False'
[3.329s] Level 5:colcon.colcon_core.verb:set package 'learn1' build argument 'cmake_clean_cache' from command line to 'False'
[3.330s] Level 5:colcon.colcon_core.verb:set package 'learn1' build argument 'cmake_clean_first' from command line to 'False'
[3.330s] Level 5:colcon.colcon_core.verb:set package 'learn1' build argument 'cmake_force_configure' from command line to 'False'
[3.331s] Level 5:colcon.colcon_core.verb:set package 'learn1' build argument 'ament_cmake_args' from command line to 'None'
[3.331s] Level 5:colcon.colcon_core.verb:set package 'learn1' build argument 'catkin_cmake_args' from command line to 'None'
[3.332s] Level 5:colcon.colcon_core.verb:set package 'learn1' build argument 'catkin_skip_building_tests' from command line to 'False'
[3.332s] DEBUG:colcon.colcon_core.verb:Building package 'learn1' with the following arguments: {'ament_cmake_args': None, 'build_base': '/home/arfan/belajar-ros2/testworkspace/build/learn1', 'catkin_cmake_args': None, 'catkin_skip_building_tests': False, 'cmake_args': None, 'cmake_clean_cache': False, 'cmake_clean_first': False, 'cmake_force_configure': False, 'cmake_target': None, 'cmake_target_skip_unavailable': False, 'install_base': '/home/arfan/belajar-ros2/testworkspace/install/learn1', 'merge_install': False, 'path': '/home/arfan/belajar-ros2/testworkspace/src/learn1', 'symlink_install': False, 'test_result_base': None}
[3.343s] Level 5:colcon.colcon_core.verb:set package 'myrvis' build argument 'cmake_args' from command line to 'None'
[3.344s] Level 5:colcon.colcon_core.verb:set package 'myrvis' build argument 'cmake_target' from command line to 'None'
[3.344s] Level 5:colcon.colcon_core.verb:set package 'myrvis' build argument 'cmake_target_skip_unavailable' from command line to 'False'
[3.345s] Level 5:colcon.colcon_core.verb:set package 'myrvis' build argument 'cmake_clean_cache' from command line to 'False'
[3.346s] Level 5:colcon.colcon_core.verb:set package 'myrvis' build argument 'cmake_clean_first' from command line to 'False'
[3.346s] Level 5:colcon.colcon_core.verb:set package 'myrvis' build argument 'cmake_force_configure' from command line to 'False'
[3.347s] Level 5:colcon.colcon_core.verb:set package 'myrvis' build argument 'ament_cmake_args' from command line to 'None'
[3.347s] Level 5:colcon.colcon_core.verb:set package 'myrvis' build argument 'catkin_cmake_args' from command line to 'None'
[3.347s] Level 5:colcon.colcon_core.verb:set package 'myrvis' build argument 'catkin_skip_building_tests' from command line to 'False'
[3.348s] DEBUG:colcon.colcon_core.verb:Building package 'myrvis' with the following arguments: {'ament_cmake_args': None, 'build_base': '/home/arfan/belajar-ros2/testworkspace/build/myrvis', 'catkin_cmake_args': None, 'catkin_skip_building_tests': False, 'cmake_args': None, 'cmake_clean_cache': False, 'cmake_clean_first': False, 'cmake_force_configure': False, 'cmake_target': None, 'cmake_target_skip_unavailable': False, 'install_base': '/home/arfan/belajar-ros2/testworkspace/install/myrvis', 'merge_install': False, 'path': '/home/arfan/belajar-ros2/testworkspace/src/myrvis', 'symlink_install': False, 'test_result_base': None}
[3.354s] INFO:colcon.colcon_core.executor:Executing jobs using 'parallel' executor
[3.397s] DEBUG:colcon.colcon_parallel_executor.executor.parallel:run_until_complete
[3.399s] INFO:colcon.colcon_ros.task.ament_cmake.build:Building ROS package in '/home/arfan/belajar-ros2/testworkspace/src/learn1' with build type 'ament_cmake'
[3.400s] INFO:colcon.colcon_cmake.task.cmake.build:Building CMake package in '/home/arfan/belajar-ros2/testworkspace/src/learn1'
[3.439s] INFO:colcon.colcon_core.plugin_system:Skipping extension 'colcon_core.shell.bat': Not used on non-Windows systems
[3.441s] INFO:colcon.colcon_core.shell:Skip shell extension 'powershell' for command environment: Not usable outside of PowerShell
[3.442s] DEBUG:colcon.colcon_core.shell:Skip shell extension 'dsv' for command environment
[3.519s] INFO:colcon.colcon_ros.task.ament_cmake.build:Building ROS package in '/home/arfan/belajar-ros2/testworkspace/src/myrvis' with build type 'ament_cmake'
[3.521s] INFO:colcon.colcon_cmake.task.cmake.build:Building CMake package in '/home/arfan/belajar-ros2/testworkspace/src/myrvis'
[3.560s] INFO:colcon.colcon_core.shell:Skip shell extension 'powershell' for command environment: Not usable outside of PowerShell
[3.564s] DEBUG:colcon.colcon_core.shell:Skip shell extension 'dsv' for command environment
[3.647s] DEBUG:colcon.colcon_core.event_handler.log_command:Invoking command in '/home/arfan/belajar-ros2/testworkspace/build/learn1': CMAKE_PREFIX_PATH=${CMAKE_PREFIX_PATH}:/opt/ros/foxy /usr/bin/cmake --build /home/arfan/belajar-ros2/testworkspace/build/learn1 -- -j2 -l2
[3.732s] DEBUG:colcon.colcon_core.event_handler.log_command:Invoking command in '/home/arfan/belajar-ros2/testworkspace/build/myrvis': CMAKE_PREFIX_PATH=${CMAKE_PREFIX_PATH}:/opt/ros/foxy /usr/bin/cmake --build /home/arfan/belajar-ros2/testworkspace/build/myrvis -- -j2 -l2
[4.646s] DEBUG:colcon.colcon_core.event_handler.log_command:Invoked command in '/home/arfan/belajar-ros2/testworkspace/build/myrvis' returned '0': CMAKE_PREFIX_PATH=${CMAKE_PREFIX_PATH}:/opt/ros/foxy /usr/bin/cmake --build /home/arfan/belajar-ros2/testworkspace/build/myrvis -- -j2 -l2
[5.348s] DEBUG:colcon.colcon_core.event_handler.log_command:Invoking command in '/home/arfan/belajar-ros2/testworkspace/build/myrvis': CMAKE_PREFIX_PATH=${CMAKE_PREFIX_PATH}:/opt/ros/foxy /usr/bin/cmake --install /home/arfan/belajar-ros2/testworkspace/build/myrvis
[5.572s] Level 1:colcon.colcon_core.environment:create_environment_scripts_only(myrvis)
[5.580s] DEBUG:colcon.colcon_core.event_handler.log_command:Invoked command in '/home/arfan/belajar-ros2/testworkspace/build/myrvis' returned '0': CMAKE_PREFIX_PATH=${CMAKE_PREFIX_PATH}:/opt/ros/foxy /usr/bin/cmake --install /home/arfan/belajar-ros2/testworkspace/build/myrvis
[5.652s] Level 1:colcon.colcon_core.environment:checking '/home/arfan/belajar-ros2/testworkspace/install/myrvis' for CMake module files
[5.656s] Level 1:colcon.colcon_core.environment:checking '/home/arfan/belajar-ros2/testworkspace/install/myrvis' for CMake config files
[5.662s] Level 1:colcon.colcon_core.shell:create_environment_hook('myrvis', 'cmake_prefix_path')
[5.693s] INFO:colcon.colcon_core.shell:Creating environment hook '/home/arfan/belajar-ros2/testworkspace/install/myrvis/share/myrvis/hook/cmake_prefix_path.ps1'
[5.702s] INFO:colcon.colcon_core.shell:Creating environment descriptor '/home/arfan/belajar-ros2/testworkspace/install/myrvis/share/myrvis/hook/cmake_prefix_path.dsv'
[5.706s] INFO:colcon.colcon_core.shell:Creating environment hook '/home/arfan/belajar-ros2/testworkspace/install/myrvis/share/myrvis/hook/cmake_prefix_path.sh'
[5.722s] Level 1:colcon.colcon_core.environment:checking '/home/arfan/belajar-ros2/testworkspace/install/myrvis/lib'
[5.734s] Level 1:colcon.colcon_core.environment:checking '/home/arfan/belajar-ros2/testworkspace/install/myrvis/bin'
[5.735s] Level 1:colcon.colcon_core.environment:checking '/home/arfan/belajar-ros2/testworkspace/install/myrvis/lib/pkgconfig/myrvis.pc'
[5.736s] Level 1:colcon.colcon_core.environment:checking '/home/arfan/belajar-ros2/testworkspace/install/myrvis/lib/python3.8/site-packages'
[5.738s] Level 1:colcon.colcon_core.environment:checking '/home/arfan/belajar-ros2/testworkspace/install/myrvis/bin'
[5.770s] INFO:colcon.colcon_core.shell:Creating package script '/home/arfan/belajar-ros2/testworkspace/install/myrvis/share/myrvis/package.ps1'
[5.783s] INFO:colcon.colcon_core.shell:Creating package descriptor '/home/arfan/belajar-ros2/testworkspace/install/myrvis/share/myrvis/package.dsv'
[5.797s] INFO:colcon.colcon_core.shell:Creating package script '/home/arfan/belajar-ros2/testworkspace/install/myrvis/share/myrvis/package.sh'
[5.810s] INFO:colcon.colcon_core.shell:Creating package script '/home/arfan/belajar-ros2/testworkspace/install/myrvis/share/myrvis/package.bash'
[5.824s] INFO:colcon.colcon_core.shell:Creating package script '/home/arfan/belajar-ros2/testworkspace/install/myrvis/share/myrvis/package.zsh'
[5.832s] Level 1:colcon.colcon_core.environment:create_file_with_runtime_dependencies(/home/arfan/belajar-ros2/testworkspace/install/myrvis/share/colcon-core/packages/myrvis)
[6.325s] Level 1:colcon.colcon_core.environment:create_environment_scripts_only(myrvis)
[6.372s] Level 1:colcon.colcon_core.environment:checking '/home/arfan/belajar-ros2/testworkspace/install/myrvis' for CMake module files
[6.384s] Level 1:colcon.colcon_core.environment:checking '/home/arfan/belajar-ros2/testworkspace/install/myrvis' for CMake config files
[6.386s] Level 1:colcon.colcon_core.shell:create_environment_hook('myrvis', 'cmake_prefix_path')
[6.418s] INFO:colcon.colcon_core.shell:Creating environment hook '/home/arfan/belajar-ros2/testworkspace/install/myrvis/share/myrvis/hook/cmake_prefix_path.ps1'
[6.422s] INFO:colcon.colcon_core.shell:Creating environment descriptor '/home/arfan/belajar-ros2/testworkspace/install/myrvis/share/myrvis/hook/cmake_prefix_path.dsv'
[6.428s] INFO:colcon.colcon_core.shell:Creating environment hook '/home/arfan/belajar-ros2/testworkspace/install/myrvis/share/myrvis/hook/cmake_prefix_path.sh'
[6.437s] Level 1:colcon.colcon_core.environment:checking '/home/arfan/belajar-ros2/testworkspace/install/myrvis/lib'
[6.437s] Level 1:colcon.colcon_core.environment:checking '/home/arfan/belajar-ros2/testworkspace/install/myrvis/bin'
[6.438s] Level 1:colcon.colcon_core.environment:checking '/home/arfan/belajar-ros2/testworkspace/install/myrvis/lib/pkgconfig/myrvis.pc'
[6.445s] Level 1:colcon.colcon_core.environment:checking '/home/arfan/belajar-ros2/testworkspace/install/myrvis/lib/python3.8/site-packages'
[6.451s] Level 1:colcon.colcon_core.environment:checking '/home/arfan/belajar-ros2/testworkspace/install/myrvis/bin'
[6.478s] INFO:colcon.colcon_core.shell:Creating package script '/home/arfan/belajar-ros2/testworkspace/install/myrvis/share/myrvis/package.ps1'
[6.488s] INFO:colcon.colcon_core.shell:Creating package descriptor '/home/arfan/belajar-ros2/testworkspace/install/myrvis/share/myrvis/package.dsv'
[6.500s] INFO:colcon.colcon_core.shell:Creating package script '/home/arfan/belajar-ros2/testworkspace/install/myrvis/share/myrvis/package.sh'
[6.508s] INFO:colcon.colcon_core.shell:Creating package script '/home/arfan/belajar-ros2/testworkspace/install/myrvis/share/myrvis/package.bash'
[6.520s] INFO:colcon.colcon_core.shell:Creating package script '/home/arfan/belajar-ros2/testworkspace/install/myrvis/share/myrvis/package.zsh'
[6.524s] Level 1:colcon.colcon_core.environment:create_file_with_runtime_dependencies(/home/arfan/belajar-ros2/testworkspace/install/myrvis/share/colcon-core/packages/myrvis)
[32.124s] DEBUG:colcon.colcon_core.event_handler.log_command:Invoked command in '/home/arfan/belajar-ros2/testworkspace/build/learn1' returned '0': CMAKE_PREFIX_PATH=${CMAKE_PREFIX_PATH}:/opt/ros/foxy /usr/bin/cmake --build /home/arfan/belajar-ros2/testworkspace/build/learn1 -- -j2 -l2
[32.278s] DEBUG:colcon.colcon_core.event_handler.log_command:Invoking command in '/home/arfan/belajar-ros2/testworkspace/build/learn1': CMAKE_PREFIX_PATH=${CMAKE_PREFIX_PATH}:/opt/ros/foxy /usr/bin/cmake --install /home/arfan/belajar-ros2/testworkspace/build/learn1
[32.373s] Level 1:colcon.colcon_core.environment:create_environment_scripts_only(learn1)
[32.423s] Level 1:colcon.colcon_core.environment:checking '/home/arfan/belajar-ros2/testworkspace/install/learn1' for CMake module files
[32.434s] DEBUG:colcon.colcon_core.event_handler.log_command:Invoked command in '/home/arfan/belajar-ros2/testworkspace/build/learn1' returned '0': CMAKE_PREFIX_PATH=${CMAKE_PREFIX_PATH}:/opt/ros/foxy /usr/bin/cmake --install /home/arfan/belajar-ros2/testworkspace/build/learn1
[32.437s] Level 1:colcon.colcon_core.environment:checking '/home/arfan/belajar-ros2/testworkspace/install/learn1' for CMake config files
[32.439s] Level 1:colcon.colcon_core.shell:create_environment_hook('learn1', 'cmake_prefix_path')
[32.453s] INFO:colcon.colcon_core.shell:Creating environment hook '/home/arfan/belajar-ros2/testworkspace/install/learn1/share/learn1/hook/cmake_prefix_path.ps1'
[32.456s] INFO:colcon.colcon_core.shell:Creating environment descriptor '/home/arfan/belajar-ros2/testworkspace/install/learn1/share/learn1/hook/cmake_prefix_path.dsv'
[32.459s] INFO:colcon.colcon_core.shell:Creating environment hook '/home/arfan/belajar-ros2/testworkspace/install/learn1/share/learn1/hook/cmake_prefix_path.sh'
[32.463s] Level 1:colcon.colcon_core.environment:checking '/home/arfan/belajar-ros2/testworkspace/install/learn1/lib'
[32.464s] Level 1:colcon.colcon_core.environment:checking '/home/arfan/belajar-ros2/testworkspace/install/learn1/bin'
[32.465s] Level 1:colcon.colcon_core.environment:checking '/home/arfan/belajar-ros2/testworkspace/install/learn1/lib/pkgconfig/learn1.pc'
[32.466s] Level 1:colcon.colcon_core.environment:checking '/home/arfan/belajar-ros2/testworkspace/install/learn1/lib/python3.8/site-packages'
[32.469s] Level 1:colcon.colcon_core.environment:checking '/home/arfan/belajar-ros2/testworkspace/install/learn1/bin'
[32.480s] INFO:colcon.colcon_core.shell:Creating package script '/home/arfan/belajar-ros2/testworkspace/install/learn1/share/learn1/package.ps1'
[32.503s] INFO:colcon.colcon_core.shell:Creating package descriptor '/home/arfan/belajar-ros2/testworkspace/install/learn1/share/learn1/package.dsv'
[32.508s] INFO:colcon.colcon_core.shell:Creating package script '/home/arfan/belajar-ros2/testworkspace/install/learn1/share/learn1/package.sh'
[32.517s] INFO:colcon.colcon_core.shell:Creating package script '/home/arfan/belajar-ros2/testworkspace/install/learn1/share/learn1/package.bash'
[32.521s] INFO:colcon.colcon_core.shell:Creating package script '/home/arfan/belajar-ros2/testworkspace/install/learn1/share/learn1/package.zsh'
[32.524s] Level 1:colcon.colcon_core.environment:create_file_with_runtime_dependencies(/home/arfan/belajar-ros2/testworkspace/install/learn1/share/colcon-core/packages/learn1)
[32.738s] Level 1:colcon.colcon_core.environment:create_environment_scripts_only(learn1)
[32.758s] Level 1:colcon.colcon_core.environment:checking '/home/arfan/belajar-ros2/testworkspace/install/learn1' for CMake module files
[32.768s] Level 1:colcon.colcon_core.environment:checking '/home/arfan/belajar-ros2/testworkspace/install/learn1' for CMake config files
[32.771s] Level 1:colcon.colcon_core.shell:create_environment_hook('learn1', 'cmake_prefix_path')
[32.813s] INFO:colcon.colcon_core.shell:Creating environment hook '/home/arfan/belajar-ros2/testworkspace/install/learn1/share/learn1/hook/cmake_prefix_path.ps1'
[32.822s] INFO:colcon.colcon_core.shell:Creating environment descriptor '/home/arfan/belajar-ros2/testworkspace/install/learn1/share/learn1/hook/cmake_prefix_path.dsv'
[32.826s] INFO:colcon.colcon_core.shell:Creating environment hook '/home/arfan/belajar-ros2/testworkspace/install/learn1/share/learn1/hook/cmake_prefix_path.sh'
[32.832s] Level 1:colcon.colcon_core.environment:checking '/home/arfan/belajar-ros2/testworkspace/install/learn1/lib'
[32.834s] Level 1:colcon.colcon_core.environment:checking '/home/arfan/belajar-ros2/testworkspace/install/learn1/bin'
[32.837s] Level 1:colcon.colcon_core.environment:checking '/home/arfan/belajar-ros2/testworkspace/install/learn1/lib/pkgconfig/learn1.pc'
[32.839s] Level 1:colcon.colcon_core.environment:checking '/home/arfan/belajar-ros2/testworkspace/install/learn1/lib/python3.8/site-packages'
[32.841s] Level 1:colcon.colcon_core.environment:checking '/home/arfan/belajar-ros2/testworkspace/install/learn1/bin'
[32.852s] INFO:colcon.colcon_core.shell:Creating package script '/home/arfan/belajar-ros2/testworkspace/install/learn1/share/learn1/package.ps1'
[32.856s] INFO:colcon.colcon_core.shell:Creating package descriptor '/home/arfan/belajar-ros2/testworkspace/install/learn1/share/learn1/package.dsv'
[32.860s] INFO:colcon.colcon_core.shell:Creating package script '/home/arfan/belajar-ros2/testworkspace/install/learn1/share/learn1/package.sh'
[32.865s] INFO:colcon.colcon_core.shell:Creating package script '/home/arfan/belajar-ros2/testworkspace/install/learn1/share/learn1/package.bash'
[32.870s] INFO:colcon.colcon_core.shell:Creating package script '/home/arfan/belajar-ros2/testworkspace/install/learn1/share/learn1/package.zsh'
[32.874s] Level 1:colcon.colcon_core.environment:create_file_with_runtime_dependencies(/home/arfan/belajar-ros2/testworkspace/install/learn1/share/colcon-core/packages/learn1)
[32.876s] DEBUG:colcon.colcon_parallel_executor.executor.parallel:closing loop
[32.880s] DEBUG:colcon.colcon_parallel_executor.executor.parallel:loop closed
[32.881s] DEBUG:colcon.colcon_parallel_executor.executor.parallel:run_until_complete finished with '0'
[32.882s] DEBUG:colcon.colcon_core.event_reactor:joining thread
[33.003s] INFO:colcon.colcon_core.plugin_system:Skipping extension 'colcon_notification.desktop_notification.terminal_notifier': Not used on non-Darwin systems
[33.004s] INFO:colcon.colcon_core.plugin_system:Skipping extension 'colcon_notification.desktop_notification.win32': Not used on non-Windows systems
[33.005s] INFO:colcon.colcon_notification.desktop_notification:Sending desktop notification using 'notify2'
[33.146s] DEBUG:colcon.colcon_core.event_reactor:joined thread
[33.168s] INFO:colcon.colcon_core.shell:Creating prefix script '/home/arfan/belajar-ros2/testworkspace/install/local_setup.ps1'
[33.184s] INFO:colcon.colcon_core.shell:Creating prefix util module '/home/arfan/belajar-ros2/testworkspace/install/_local_setup_util_ps1.py'
[33.194s] INFO:colcon.colcon_core.shell:Creating prefix chain script '/home/arfan/belajar-ros2/testworkspace/install/setup.ps1'
[33.204s] INFO:colcon.colcon_core.shell:Creating prefix script '/home/arfan/belajar-ros2/testworkspace/install/local_setup.sh'
[33.209s] INFO:colcon.colcon_core.shell:Creating prefix util module '/home/arfan/belajar-ros2/testworkspace/install/_local_setup_util_sh.py'
[33.212s] INFO:colcon.colcon_core.shell:Creating prefix chain script '/home/arfan/belajar-ros2/testworkspace/install/setup.sh'
[33.224s] INFO:colcon.colcon_core.shell:Creating prefix script '/home/arfan/belajar-ros2/testworkspace/install/local_setup.bash'
[33.228s] INFO:colcon.colcon_core.shell:Creating prefix chain script '/home/arfan/belajar-ros2/testworkspace/install/setup.bash'
[33.239s] INFO:colcon.colcon_core.shell:Creating prefix script '/home/arfan/belajar-ros2/testworkspace/install/local_setup.zsh'
[33.243s] INFO:colcon.colcon_core.shell:Creating prefix chain script '/home/arfan/belajar-ros2/testworkspace/install/setup.zsh'
